#
# There is insufficient memory for the Java Runtime Environment to continue.
# Native memory allocation (mmap) failed to map 1048576 bytes for G1 virtual space
# Possible reasons:
#   The system is out of physical RAM or swap space
#   The process is running with CompressedOops enabled, and the Java Heap may be blocking the growth of the native heap
# Possible solutions:
#   Reduce memory load on the system
#   Increase physical memory or swap space
#   Check if swap backing store is full
#   Decrease Java heap size (-Xmx/-Xms)
#   Decrease number of Java threads
#   Decrease Java thread stack sizes (-Xss)
#   Set larger code cache with -XX:ReservedCodeCacheSize=
#   JVM is running with Unscaled Compressed Oops mode in which the Java heap is
#     placed in the first 4GB address space. The Java Heap base address is the
#     maximum limit for the native heap growth. Please use -XX:HeapBaseMinAddress
#     to set the Java Heap base and to place the Java Heap above 4GB virtual address.
# This output file may be truncated or incomplete.
#
#  Out of Memory Error (os_windows.cpp:3600), pid=11700, tid=17036
#
# JRE version: Java(TM) SE Runtime Environment (21.0.1+12) (build 21.0.1+12-LTS-29)
# Java VM: Java HotSpot(TM) 64-Bit Server VM (21.0.1+12-LTS-29, mixed mode, sharing, tiered, compressed oops, compressed class ptrs, g1 gc, windows-amd64)
# No core dump will be written. Minidumps are not enabled by default on client versions of Windows
#

---------------  S U M M A R Y ------------

Command Line: --add-opens=java.base/java.util=ALL-UNNAMED --add-opens=java.base/java.lang=ALL-UNNAMED --add-opens=java.base/java.lang.invoke=ALL-UNNAMED --add-opens=java.prefs/java.util.prefs=ALL-UNNAMED --add-opens=java.base/java.nio.charset=ALL-UNNAMED --add-opens=java.base/java.net=ALL-UNNAMED --add-opens=java.base/java.util.concurrent.atomic=ALL-UNNAMED -XX:MaxMetaspaceSize=384m -XX:+HeapDumpOnOutOfMemoryError -Xms256m -Xmx512m -Dfile.encoding=windows-1250 -Duser.country=PL -Duser.language=pl -Duser.variant -javaagent:C:\Users\ziemo\.gradle\wrapper\dists\gradle-8.5-bin\5t9huq95ubn472n8rpzujfbqh\gradle-8.5\lib\agents\gradle-instrumentation-agent-8.5.jar org.gradle.launcher.daemon.bootstrap.GradleDaemon 8.5

Host: Intel(R) Core(TM) i5-9600K CPU @ 3.70GHz, 6 cores, 7G,  Windows 10 , 64 bit Build 19041 (10.0.19041.3155)
Time: Thu Jul 18 02:48:21 2024  Windows 10 , 64 bit Build 19041 (10.0.19041.3155) elapsed time: 1026.642335 seconds (0d 0h 17m 6s)

---------------  T H R E A D  ---------------

Current thread (0x000002acf3a63860):  WorkerThread "GC Thread#3"    [id=17036, stack(0x000000b2e9e00000,0x000000b2e9f00000) (1024K)]

Stack: [0x000000b2e9e00000,0x000000b2e9f00000]
Native frames: (J=compiled Java code, j=interpreted, Vv=VM code, C=native code)
V  [jvm.dll+0x6c9029]
V  [jvm.dll+0x854b81]
V  [jvm.dll+0x856e5e]
V  [jvm.dll+0x857543]
V  [jvm.dll+0x280c06]
V  [jvm.dll+0x6c5715]
V  [jvm.dll+0x6ba10a]
V  [jvm.dll+0x3557ea]
V  [jvm.dll+0x35d436]
V  [jvm.dll+0x3adebb]
V  [jvm.dll+0x3ae554]
V  [jvm.dll+0x3ae61d]
V  [jvm.dll+0x32a84c]
V  [jvm.dll+0x32a5a5]
V  [jvm.dll+0x31b086]
V  [jvm.dll+0x31beaa]
V  [jvm.dll+0x31c328]
V  [jvm.dll+0x31bd0e]
V  [jvm.dll+0x357656]
V  [jvm.dll+0x3579c3]
V  [jvm.dll+0x358b1a]
V  [jvm.dll+0x3551fe]
V  [jvm.dll+0x365cb8]
V  [jvm.dll+0x223fbd]
V  [jvm.dll+0x35517b]
V  [jvm.dll+0x226208]
V  [jvm.dll+0x3669de]
V  [jvm.dll+0x366824]
V  [jvm.dll+0x36dff4]
V  [jvm.dll+0x36e16b]
V  [jvm.dll+0x881f77]
V  [jvm.dll+0x7fd728]
V  [jvm.dll+0x6c777d]
C  [ucrtbase.dll+0x21bb2]
C  [KERNEL32.DLL+0x17614]
C  [ntdll.dll+0x526b1]


---------------  P R O C E S S  ---------------

Threads class SMR info:
_java_thread_list=0x000002acf7eb74c0, length=53, elements={
0x000002acd46856d0, 0x000002aceee1c640, 0x000002aceee1e410, 0x000002aceee1f070,
0x000002aceee21c90, 0x000002aceee22a50, 0x000002aceee23660, 0x000002aceee245a0,
0x000002aceee27050, 0x000002acf3076ba0, 0x000002acf32a0f50, 0x000002acf4c27550,
0x000002acf39fdc90, 0x000002acf4ae96d0, 0x000002acf4c694c0, 0x000002acf4c66040,
0x000002acf4c68110, 0x000002acf4c67a80, 0x000002acf4c687a0, 0x000002acf5496050,
0x000002acf54966e0, 0x000002acf5497400, 0x000002acf5492bd0, 0x000002acf5497a90,
0x000002acf5492540, 0x000002acf5498120, 0x000002acf5498e40, 0x000002acf54994d0,
0x000002acf6e35a80, 0x000002acf83366c0, 0x000002acf83359a0, 0x000002acf8336030,
0x000002acf8333240, 0x000002acf83338d0, 0x000002acf8333f60, 0x000002acf8335310,
0x000002acf8879be0, 0x000002acf887a270, 0x000002acf887af90, 0x000002acf887d060,
0x000002acf887a900, 0x000002acf887dd80, 0x000002acf8878ec0, 0x000002acf8879550,
0x000002acf887d6f0, 0x000002acf8877b10, 0x000002acf88781a0, 0x000002acf6e39590,
0x000002acf6e36110, 0x000002acf6e381e0, 0x000002acf6e32c90, 0x000002acf6e33320,
0x000002acf6e367a0
}

Java Threads: ( => current thread )
  0x000002acd46856d0 JavaThread "main"                              [_thread_blocked, id=6140, stack(0x000000b2e8a00000,0x000000b2e8b00000) (1024K)]
  0x000002aceee1c640 JavaThread "Reference Handler"          daemon [_thread_blocked, id=21428, stack(0x000000b2e9200000,0x000000b2e9300000) (1024K)]
  0x000002aceee1e410 JavaThread "Finalizer"                  daemon [_thread_blocked, id=1236, stack(0x000000b2e9300000,0x000000b2e9400000) (1024K)]
  0x000002aceee1f070 JavaThread "Signal Dispatcher"          daemon [_thread_blocked, id=21908, stack(0x000000b2e9400000,0x000000b2e9500000) (1024K)]
  0x000002aceee21c90 JavaThread "Attach Listener"            daemon [_thread_blocked, id=2588, stack(0x000000b2e9500000,0x000000b2e9600000) (1024K)]
  0x000002aceee22a50 JavaThread "Service Thread"             daemon [_thread_blocked, id=13024, stack(0x000000b2e9600000,0x000000b2e9700000) (1024K)]
  0x000002aceee23660 JavaThread "Monitor Deflation Thread"   daemon [_thread_blocked, id=18188, stack(0x000000b2e9700000,0x000000b2e9800000) (1024K)]
  0x000002aceee245a0 JavaThread "C2 CompilerThread0"         daemon [_thread_blocked, id=4120, stack(0x000000b2e9800000,0x000000b2e9900000) (1024K)]
  0x000002aceee27050 JavaThread "C1 CompilerThread0"         daemon [_thread_blocked, id=15588, stack(0x000000b2e9900000,0x000000b2e9a00000) (1024K)]
  0x000002acf3076ba0 JavaThread "Common-Cleaner"             daemon [_thread_blocked, id=18988, stack(0x000000b2e9a00000,0x000000b2e9b00000) (1024K)]
  0x000002acf32a0f50 JavaThread "Notification Thread"        daemon [_thread_blocked, id=7360, stack(0x000000b2e9b00000,0x000000b2e9c00000) (1024K)]
  0x000002acf4c27550 JavaThread "Daemon health stats"               [_thread_blocked, id=1200, stack(0x000000b2ea100000,0x000000b2ea200000) (1024K)]
  0x000002acf39fdc90 JavaThread "Incoming local TCP Connector on port 44977"        [_thread_in_native, id=17364, stack(0x000000b2ea200000,0x000000b2ea300000) (1024K)]
  0x000002acf4ae96d0 JavaThread "Daemon periodic checks"            [_thread_blocked, id=22004, stack(0x000000b2ea300000,0x000000b2ea400000) (1024K)]
  0x000002acf4c694c0 JavaThread "Cache worker for journal cache (C:\Users\ziemo\.gradle\caches\journal-1)"        [_thread_blocked, id=19984, stack(0x000000b2eab00000,0x000000b2eac00000) (1024K)]
  0x000002acf4c66040 JavaThread "File lock request listener"        [_thread_in_native, id=4544, stack(0x000000b2eac00000,0x000000b2ead00000) (1024K)]
  0x000002acf4c68110 JavaThread "Cache worker for file hash cache (C:\Users\ziemo\.gradle\caches\8.5\fileHashes)"        [_thread_blocked, id=9400, stack(0x000000b2ead00000,0x000000b2eae00000) (1024K)]
  0x000002acf4c67a80 JavaThread "File watcher server"        daemon [_thread_blocked, id=5560, stack(0x000000b2eaf00000,0x000000b2eb000000) (1024K)]
  0x000002acf4c687a0 JavaThread "File watcher consumer"      daemon [_thread_blocked, id=17324, stack(0x000000b2eb000000,0x000000b2eb100000) (1024K)]
  0x000002acf5496050 JavaThread "Cache worker for file content cache (C:\Users\ziemo\.gradle\caches\8.5\fileContent)"        [_thread_blocked, id=7760, stack(0x000000b2eb500000,0x000000b2eb600000) (1024K)]
  0x000002acf54966e0 JavaThread "Cache worker for execution history cache (C:\Users\ziemo\.gradle\caches\8.5\executionHistory)"        [_thread_blocked, id=10148, stack(0x000000b2eb600000,0x000000b2eb700000) (1024K)]
  0x000002acf5497400 JavaThread "jar transforms"                    [_thread_blocked, id=9596, stack(0x000000b2eb700000,0x000000b2eb800000) (1024K)]
  0x000002acf5492bd0 JavaThread "jar transforms Thread 2"           [_thread_blocked, id=13792, stack(0x000000b2eb800000,0x000000b2eb900000) (1024K)]
  0x000002acf5497a90 JavaThread "jar transforms Thread 3"           [_thread_blocked, id=13460, stack(0x000000b2eb900000,0x000000b2eba00000) (1024K)]
  0x000002acf5492540 JavaThread "jar transforms Thread 4"           [_thread_blocked, id=12388, stack(0x000000b2eba00000,0x000000b2ebb00000) (1024K)]
  0x000002acf5498120 JavaThread "Cache worker for kotlin-dsl (C:\Users\ziemo\.gradle\caches\8.5\kotlin-dsl)"        [_thread_blocked, id=3200, stack(0x000000b2ebb00000,0x000000b2ebc00000) (1024K)]
  0x000002acf5498e40 JavaThread "jar transforms Thread 5"           [_thread_blocked, id=11272, stack(0x000000b2ebc00000,0x000000b2ebd00000) (1024K)]
  0x000002acf54994d0 JavaThread "jar transforms Thread 6"           [_thread_blocked, id=18912, stack(0x000000b2ebd00000,0x000000b2ebe00000) (1024K)]
  0x000002acf6e35a80 JavaThread "Memory manager"                    [_thread_blocked, id=8852, stack(0x000000b2ec000000,0x000000b2ec100000) (1024K)]
  0x000002acf83366c0 JavaThread "Cache worker for Java compile cache (C:\Users\ziemo\.gradle\caches\8.5\javaCompile)"        [_thread_blocked, id=21260, stack(0x000000b2ed300000,0x000000b2ed400000) (1024K)]
  0x000002acf83359a0 JavaThread "Daemon Thread 4"                   [_thread_blocked, id=10544, stack(0x000000b2e8700000,0x000000b2e8800000) (1024K)]
  0x000002acf8336030 JavaThread "Handler for socket connection from /127.0.0.1:44977 to /127.0.0.1:45776"        [_thread_in_native, id=15008, stack(0x000000b2e8800000,0x000000b2e8900000) (1024K)]
  0x000002acf8333240 JavaThread "Cancel handler"                    [_thread_blocked, id=5240, stack(0x000000b2e8900000,0x000000b2e8a00000) (1024K)]
  0x000002acf83338d0 JavaThread "Daemon worker Thread 3"            [_thread_blocked, id=22412, stack(0x000000b2ea400000,0x000000b2ea500000) (1024K)]
  0x000002acf8333f60 JavaThread "Asynchronous log dispatcher for DefaultDaemonConnection: socket connection from /127.0.0.1:44977 to /127.0.0.1:45776"        [_thread_blocked, id=17440, stack(0x000000b2ea500000,0x000000b2ea600000) (1024K)]
  0x000002acf8335310 JavaThread "Daemon client event forwarder"        [_thread_blocked, id=15292, stack(0x000000b2ea700000,0x000000b2ea800000) (1024K)]
  0x000002acf8879be0 JavaThread "Cache worker for checksums cache (D:\FvstItemShop-Plugin\.gradle\8.5\checksums)"        [_thread_blocked, id=1712, stack(0x000000b2ea800000,0x000000b2ea900000) (1024K)]
  0x000002acf887a270 JavaThread "Cache worker for file hash cache (D:\FvstItemShop-Plugin\.gradle\8.5\fileHashes)"        [_thread_blocked, id=14080, stack(0x000000b2ea900000,0x000000b2eaa00000) (1024K)]
  0x000002acf887af90 JavaThread "Cache worker for cache directory md-supplier (C:\Users\ziemo\.gradle\caches\8.5\md-supplier)"        [_thread_blocked, id=5628, stack(0x000000b2eaa00000,0x000000b2eab00000) (1024K)]
  0x000002acf887d060 JavaThread "Cache worker for cache directory md-rule (C:\Users\ziemo\.gradle\caches\8.5\md-rule)"        [_thread_blocked, id=19248, stack(0x000000b2eb100000,0x000000b2eb200000) (1024K)]
  0x000002acf887a900 JavaThread "Cache worker for dependencies-accessors (D:\FvstItemShop-Plugin\.gradle\8.5\dependencies-accessors)"        [_thread_blocked, id=18060, stack(0x000000b2eb200000,0x000000b2eb300000) (1024K)]
  0x000002acf887dd80 JavaThread "Cache worker for Build Output Cleanup Cache (D:\FvstItemShop-Plugin\.gradle\buildOutputCleanup)"        [_thread_blocked, id=20624, stack(0x000000b2eb300000,0x000000b2eb400000) (1024K)]
  0x000002acf8878ec0 JavaThread "Unconstrained build operations"        [_thread_blocked, id=14056, stack(0x000000b2ebe00000,0x000000b2ebf00000) (1024K)]
  0x000002acf8879550 JavaThread "Unconstrained build operations Thread 2"        [_thread_blocked, id=16216, stack(0x000000b2ebf00000,0x000000b2ec000000) (1024K)]
  0x000002acf887d6f0 JavaThread "Unconstrained build operations Thread 3"        [_thread_blocked, id=20628, stack(0x000000b2ec200000,0x000000b2ec300000) (1024K)]
  0x000002acf8877b10 JavaThread "Unconstrained build operations Thread 4"        [_thread_blocked, id=21920, stack(0x000000b2ec300000,0x000000b2ec400000) (1024K)]
  0x000002acf88781a0 JavaThread "Unconstrained build operations Thread 5"        [_thread_blocked, id=14988, stack(0x000000b2ec400000,0x000000b2ec500000) (1024K)]
  0x000002acf6e39590 JavaThread "Unconstrained build operations Thread 6"        [_thread_blocked, id=19864, stack(0x000000b2ec500000,0x000000b2ec600000) (1024K)]
  0x000002acf6e36110 JavaThread "Unconstrained build operations Thread 7"        [_thread_blocked, id=21972, stack(0x000000b2ec600000,0x000000b2ec700000) (1024K)]
  0x000002acf6e381e0 JavaThread "Unconstrained build operations Thread 8"        [_thread_blocked, id=12548, stack(0x000000b2ec700000,0x000000b2ec800000) (1024K)]
  0x000002acf6e32c90 JavaThread "Unconstrained build operations Thread 9"        [_thread_blocked, id=4464, stack(0x000000b2ec800000,0x000000b2ec900000) (1024K)]
  0x000002acf6e33320 JavaThread "Unconstrained build operations Thread 10"        [_thread_blocked, id=19468, stack(0x000000b2ec900000,0x000000b2eca00000) (1024K)]
  0x000002acf6e367a0 JavaThread "Kotlin DSL Writer"                 [_thread_blocked, id=17952, stack(0x000000b2eca00000,0x000000b2ecb00000) (1024K)]
Total: 53

Other Threads:
  0x000002aceedfdae0 VMThread "VM Thread"                           [id=20408, stack(0x000000b2e9100000,0x000000b2e9200000) (1024K)]
  0x000002aceede6be0 WatcherThread "VM Periodic Task Thread"        [id=4656, stack(0x000000b2e9000000,0x000000b2e9100000) (1024K)]
  0x000002acd46af680 WorkerThread "GC Thread#0"                     [id=20284, stack(0x000000b2e8b00000,0x000000b2e8c00000) (1024K)]
  0x000002acf398db50 WorkerThread "GC Thread#1"                     [id=10040, stack(0x000000b2e9c00000,0x000000b2e9d00000) (1024K)]
  0x000002acf3a634c0 WorkerThread "GC Thread#2"                     [id=3656, stack(0x000000b2e9d00000,0x000000b2e9e00000) (1024K)]
=>0x000002acf3a63860 WorkerThread "GC Thread#3"                     [id=17036, stack(0x000000b2e9e00000,0x000000b2e9f00000) (1024K)]
  0x000002acf3b5dfa0 WorkerThread "GC Thread#4"                     [id=18692, stack(0x000000b2e9f00000,0x000000b2ea000000) (1024K)]
  0x000002acf3b5e340 WorkerThread "GC Thread#5"                     [id=22476, stack(0x000000b2ea000000,0x000000b2ea100000) (1024K)]
  0x000002acd46b47a0 ConcurrentGCThread "G1 Main Marker"            [id=12636, stack(0x000000b2e8c00000,0x000000b2e8d00000) (1024K)]
  0x000002acd46b5950 WorkerThread "G1 Conc#0"                       [id=11196, stack(0x000000b2e8d00000,0x000000b2e8e00000) (1024K)]
  0x000002acf57ba260 WorkerThread "G1 Conc#1"                       [id=1264, stack(0x000000b2eae00000,0x000000b2eaf00000) (1024K)]
  0x000002aceecb9100 ConcurrentGCThread "G1 Refine#0"               [id=20688, stack(0x000000b2e8e00000,0x000000b2e8f00000) (1024K)]
  0x000002aceecb9a80 ConcurrentGCThread "G1 Service"                [id=12820, stack(0x000000b2e8f00000,0x000000b2e9000000) (1024K)]
Total: 13

Threads with active compile tasks:
C2 CompilerThread0  1026697 16855   !   4       java.net.URLClassLoader::defineClass (224 bytes)
Total: 1

VM state: at safepoint (normal execution)

VM Mutex/Monitor currently owned by a thread:  ([mutex/lock_event])
[0x00007fff86778078] FreeList_lock - owner thread: 0x000002acf3a63860
[0x00007fff8677a5f8] Threads_lock - owner thread: 0x000002aceedfdae0
[0x00007fff8677a6f8] Heap_lock - owner thread: 0x000002acf83338d0

Heap address: 0x00000000e0000000, size: 512 MB, Compressed Oops mode: 32-bit

CDS archive(s) mapped at: [0x000002ac80000000-0x000002ac80c90000-0x000002ac80c90000), size 13172736, SharedBaseAddress: 0x000002ac80000000, ArchiveRelocationMode: 1.
Compressed class space mapped at: 0x000002ac81000000-0x000002ac95000000, reserved size: 335544320
Narrow klass base: 0x000002ac80000000, Narrow klass shift: 0, Narrow klass range: 0x100000000

GC Precious Log:
 CardTable entry size: 512
 Card Set container configuration: InlinePtr #cards 5 size 8 Array Of Cards #cards 12 size 40 Howl #buckets 4 coarsen threshold 1843 Howl Bitmap #cards 512 size 80 coarsen threshold 460 Card regions per heap region 1 cards per card region 2048
 CPUs: 6 total, 6 available
 Memory: 8130M
 Large Page Support: Disabled
 NUMA Support: Disabled
 Compressed Oops: Enabled (32-bit)
 Heap Region Size: 1M
 Heap Min Capacity: 256M
 Heap Initial Capacity: 256M
 Heap Max Capacity: 512M
 Pre-touch: Disabled
 Parallel Workers: 6
 Concurrent Workers: 2
 Concurrent Refinement Workers: 6
 Periodic GC: Disabled

Heap:
 garbage-first heap   total 263168K, used 249938K [0x00000000e0000000, 0x0000000100000000)
  region size 1024K, 155 young (158720K), 12 survivors (12288K)
 Metaspace       used 114998K, committed 116736K, reserved 458752K
  class space    used 15410K, committed 16256K, reserved 327680K

Heap Regions: E=young(eden), S=young(survivor), O=old, HS=humongous(starts), HC=humongous(continues), CS=collection set, F=free, TAMS=top-at-mark-start, PB=parsable bottom
|   0|0x00000000e0000000, 0x00000000e0100000, 0x00000000e0100000|100%|HS|  |TAMS 0x00000000e0000000| PB 0x00000000e0000000| Complete 
|   1|0x00000000e0100000, 0x00000000e0200000, 0x00000000e0200000|100%|HC|  |TAMS 0x00000000e0100000| PB 0x00000000e0100000| Complete 
|   2|0x00000000e0200000, 0x00000000e0300000, 0x00000000e0300000|100%|HC|  |TAMS 0x00000000e0200000| PB 0x00000000e0200000| Complete 
|   3|0x00000000e0300000, 0x00000000e0400000, 0x00000000e0400000|100%|HC|  |TAMS 0x00000000e0300000| PB 0x00000000e0300000| Complete 
|   4|0x00000000e0400000, 0x00000000e0500000, 0x00000000e0500000|100%| O|  |TAMS 0x00000000e0400000| PB 0x00000000e0400000| Untracked 
|   5|0x00000000e0500000, 0x00000000e0600000, 0x00000000e0600000|100%| O|  |TAMS 0x00000000e0500000| PB 0x00000000e0500000| Untracked 
|   6|0x00000000e0600000, 0x00000000e0700000, 0x00000000e0700000|100%| O|  |TAMS 0x00000000e0600000| PB 0x00000000e0600000| Untracked 
|   7|0x00000000e0700000, 0x00000000e0800000, 0x00000000e0800000|100%| O|  |TAMS 0x00000000e0700000| PB 0x00000000e0700000| Untracked 
|   8|0x00000000e0800000, 0x00000000e0900000, 0x00000000e0900000|100%| O|  |TAMS 0x00000000e0800000| PB 0x00000000e0800000| Untracked 
|   9|0x00000000e0900000, 0x00000000e0a00000, 0x00000000e0a00000|100%| O|  |TAMS 0x00000000e0900000| PB 0x00000000e0900000| Untracked 
|  10|0x00000000e0a00000, 0x00000000e0b00000, 0x00000000e0b00000|100%| O|  |TAMS 0x00000000e0a00000| PB 0x00000000e0a00000| Untracked 
|  11|0x00000000e0b00000, 0x00000000e0c00000, 0x00000000e0c00000|100%| O|  |TAMS 0x00000000e0b00000| PB 0x00000000e0b00000| Untracked 
|  12|0x00000000e0c00000, 0x00000000e0d00000, 0x00000000e0d00000|100%| O|  |TAMS 0x00000000e0c00000| PB 0x00000000e0c00000| Untracked 
|  13|0x00000000e0d00000, 0x00000000e0e00000, 0x00000000e0e00000|100%| O|  |TAMS 0x00000000e0d00000| PB 0x00000000e0d00000| Untracked 
|  14|0x00000000e0e00000, 0x00000000e0f00000, 0x00000000e0f00000|100%| O|  |TAMS 0x00000000e0e00000| PB 0x00000000e0e00000| Untracked 
|  15|0x00000000e0f00000, 0x00000000e1000000, 0x00000000e1000000|100%| O|  |TAMS 0x00000000e0f00000| PB 0x00000000e0f00000| Untracked 
|  16|0x00000000e1000000, 0x00000000e1100000, 0x00000000e1100000|100%| O|  |TAMS 0x00000000e1000000| PB 0x00000000e1000000| Untracked 
|  17|0x00000000e1100000, 0x00000000e1200000, 0x00000000e1200000|100%| O|  |TAMS 0x00000000e1100000| PB 0x00000000e1100000| Untracked 
|  18|0x00000000e1200000, 0x00000000e1300000, 0x00000000e1300000|100%| O|  |TAMS 0x00000000e1200000| PB 0x00000000e1200000| Untracked 
|  19|0x00000000e1300000, 0x00000000e1400000, 0x00000000e1400000|100%| O|  |TAMS 0x00000000e1300000| PB 0x00000000e1300000| Untracked 
|  20|0x00000000e1400000, 0x00000000e1500000, 0x00000000e1500000|100%| O|  |TAMS 0x00000000e1400000| PB 0x00000000e1400000| Untracked 
|  21|0x00000000e1500000, 0x00000000e1600000, 0x00000000e1600000|100%| O|  |TAMS 0x00000000e1500000| PB 0x00000000e1500000| Untracked 
|  22|0x00000000e1600000, 0x00000000e1700000, 0x00000000e1700000|100%| O|  |TAMS 0x00000000e1600000| PB 0x00000000e1600000| Untracked 
|  23|0x00000000e1700000, 0x00000000e1800000, 0x00000000e1800000|100%| O|  |TAMS 0x00000000e1700000| PB 0x00000000e1700000| Untracked 
|  24|0x00000000e1800000, 0x00000000e1900000, 0x00000000e1900000|100%| O|  |TAMS 0x00000000e1800000| PB 0x00000000e1800000| Untracked 
|  25|0x00000000e1900000, 0x00000000e1a00000, 0x00000000e1a00000|100%| O|  |TAMS 0x00000000e1900000| PB 0x00000000e1900000| Untracked 
|  26|0x00000000e1a00000, 0x00000000e1b00000, 0x00000000e1b00000|100%| O|  |TAMS 0x00000000e1a00000| PB 0x00000000e1a00000| Untracked 
|  27|0x00000000e1b00000, 0x00000000e1c00000, 0x00000000e1c00000|100%| O|  |TAMS 0x00000000e1b00000| PB 0x00000000e1b00000| Untracked 
|  28|0x00000000e1c00000, 0x00000000e1d00000, 0x00000000e1d00000|100%| O|  |TAMS 0x00000000e1c00000| PB 0x00000000e1c00000| Untracked 
|  29|0x00000000e1d00000, 0x00000000e1e00000, 0x00000000e1e00000|100%| O|  |TAMS 0x00000000e1d00000| PB 0x00000000e1d00000| Untracked 
|  30|0x00000000e1e00000, 0x00000000e1f00000, 0x00000000e1f00000|100%| O|  |TAMS 0x00000000e1e00000| PB 0x00000000e1e00000| Untracked 
|  31|0x00000000e1f00000, 0x00000000e2000000, 0x00000000e2000000|100%| O|  |TAMS 0x00000000e1f00000| PB 0x00000000e1f00000| Untracked 
|  32|0x00000000e2000000, 0x00000000e2100000, 0x00000000e2100000|100%|HS|  |TAMS 0x00000000e2000000| PB 0x00000000e2000000| Complete 
|  33|0x00000000e2100000, 0x00000000e2200000, 0x00000000e2200000|100%| O|  |TAMS 0x00000000e2100000| PB 0x00000000e2100000| Untracked 
|  34|0x00000000e2200000, 0x00000000e2300000, 0x00000000e2300000|100%| O|  |TAMS 0x00000000e2200000| PB 0x00000000e2200000| Untracked 
|  35|0x00000000e2300000, 0x00000000e2400000, 0x00000000e2400000|100%| O|Cm|TAMS 0x00000000e2300000| PB 0x00000000e2300000| Complete 
|  36|0x00000000e2400000, 0x00000000e2500000, 0x00000000e2500000|100%| O|  |TAMS 0x00000000e2400000| PB 0x00000000e2400000| Untracked 
|  37|0x00000000e2500000, 0x00000000e2600000, 0x00000000e2600000|100%| O|Cm|TAMS 0x00000000e2500000| PB 0x00000000e2500000| Complete 
|  38|0x00000000e2600000, 0x00000000e2700000, 0x00000000e2700000|100%| O|  |TAMS 0x00000000e2600000| PB 0x00000000e2600000| Untracked 
|  39|0x00000000e2700000, 0x00000000e2800000, 0x00000000e2800000|100%| O|  |TAMS 0x00000000e2700000| PB 0x00000000e2700000| Untracked 
|  40|0x00000000e2800000, 0x00000000e2900000, 0x00000000e2900000|100%| O|  |TAMS 0x00000000e2800000| PB 0x00000000e2800000| Untracked 
|  41|0x00000000e2900000, 0x00000000e2a00000, 0x00000000e2a00000|100%| O|  |TAMS 0x00000000e2900000| PB 0x00000000e2900000| Untracked 
|  42|0x00000000e2a00000, 0x00000000e2b00000, 0x00000000e2b00000|100%| O|  |TAMS 0x00000000e2a00000| PB 0x00000000e2a00000| Untracked 
|  43|0x00000000e2b00000, 0x00000000e2c00000, 0x00000000e2c00000|100%| O|  |TAMS 0x00000000e2b00000| PB 0x00000000e2b00000| Untracked 
|  44|0x00000000e2c00000, 0x00000000e2d00000, 0x00000000e2d00000|100%| O|  |TAMS 0x00000000e2c00000| PB 0x00000000e2c00000| Untracked 
|  45|0x00000000e2d00000, 0x00000000e2e00000, 0x00000000e2e00000|100%| O|Cm|TAMS 0x00000000e2d00000| PB 0x00000000e2d00000| Complete 
|  46|0x00000000e2e00000, 0x00000000e2f00000, 0x00000000e2f00000|100%| O|  |TAMS 0x00000000e2e00000| PB 0x00000000e2e00000| Untracked 
|  47|0x00000000e2f00000, 0x00000000e3000000, 0x00000000e3000000|100%| O|  |TAMS 0x00000000e2f00000| PB 0x00000000e2f00000| Untracked 
|  48|0x00000000e3000000, 0x00000000e3100000, 0x00000000e3100000|100%| O|  |TAMS 0x00000000e3000000| PB 0x00000000e3000000| Untracked 
|  49|0x00000000e3100000, 0x00000000e3200000, 0x00000000e3200000|100%| O|  |TAMS 0x00000000e3100000| PB 0x00000000e3100000| Untracked 
|  50|0x00000000e3200000, 0x00000000e3300000, 0x00000000e3300000|100%| O|  |TAMS 0x00000000e3200000| PB 0x00000000e3200000| Untracked 
|  51|0x00000000e3300000, 0x00000000e3400000, 0x00000000e3400000|100%| O|  |TAMS 0x00000000e3300000| PB 0x00000000e3300000| Untracked 
|  52|0x00000000e3400000, 0x00000000e3500000, 0x00000000e3500000|100%|HS|  |TAMS 0x00000000e3400000| PB 0x00000000e3400000| Complete 
|  53|0x00000000e3500000, 0x00000000e3600000, 0x00000000e3600000|100%| O|  |TAMS 0x00000000e3500000| PB 0x00000000e3500000| Untracked 
|  54|0x00000000e3600000, 0x00000000e3700000, 0x00000000e3700000|100%| O|  |TAMS 0x00000000e3600000| PB 0x00000000e3600000| Untracked 
|  55|0x00000000e3700000, 0x00000000e3800000, 0x00000000e3800000|100%| O|  |TAMS 0x00000000e3700000| PB 0x00000000e3700000| Untracked 
|  56|0x00000000e3800000, 0x00000000e3900000, 0x00000000e3900000|100%| O|  |TAMS 0x00000000e3800000| PB 0x00000000e3800000| Untracked 
|  57|0x00000000e3900000, 0x00000000e3a00000, 0x00000000e3a00000|100%| O|  |TAMS 0x00000000e3900000| PB 0x00000000e3900000| Untracked 
|  58|0x00000000e3a00000, 0x00000000e3b00000, 0x00000000e3b00000|100%| S|  |TAMS 0x00000000e3a00000| PB 0x00000000e3a00000| Complete 
|  59|0x00000000e3b00000, 0x00000000e3c00000, 0x00000000e3c00000|100%| O|  |TAMS 0x00000000e3b00000| PB 0x00000000e3b00000| Untracked 
|  60|0x00000000e3c00000, 0x00000000e3d00000, 0x00000000e3d00000|100%| O|  |TAMS 0x00000000e3c00000| PB 0x00000000e3c00000| Untracked 
|  61|0x00000000e3d00000, 0x00000000e3e00000, 0x00000000e3e00000|100%|HS|  |TAMS 0x00000000e3d00000| PB 0x00000000e3d00000| Complete 
|  62|0x00000000e3e00000, 0x00000000e3f00000, 0x00000000e3f00000|100%|HC|  |TAMS 0x00000000e3e00000| PB 0x00000000e3e00000| Complete 
|  63|0x00000000e3f00000, 0x00000000e4000000, 0x00000000e4000000|100%|HC|  |TAMS 0x00000000e3f00000| PB 0x00000000e3f00000| Complete 
|  64|0x00000000e4000000, 0x00000000e4100000, 0x00000000e4100000|100%|HC|  |TAMS 0x00000000e4000000| PB 0x00000000e4000000| Complete 
|  65|0x00000000e4100000, 0x00000000e4200000, 0x00000000e4200000|100%|HC|  |TAMS 0x00000000e4100000| PB 0x00000000e4100000| Complete 
|  66|0x00000000e4200000, 0x00000000e4300000, 0x00000000e4300000|100%|HS|  |TAMS 0x00000000e4200000| PB 0x00000000e4200000| Complete 
|  67|0x00000000e4300000, 0x00000000e4400000, 0x00000000e4400000|100%|HC|  |TAMS 0x00000000e4300000| PB 0x00000000e4300000| Complete 
|  68|0x00000000e4400000, 0x00000000e4500000, 0x00000000e4500000|100%|HC|  |TAMS 0x00000000e4400000| PB 0x00000000e4400000| Complete 
|  69|0x00000000e4500000, 0x00000000e4600000, 0x00000000e4600000|100%|HS|  |TAMS 0x00000000e4500000| PB 0x00000000e4500000| Complete 
|  70|0x00000000e4600000, 0x00000000e4700000, 0x00000000e4700000|100%|HC|  |TAMS 0x00000000e4600000| PB 0x00000000e4600000| Complete 
|  71|0x00000000e4700000, 0x00000000e4800000, 0x00000000e4800000|100%|HC|  |TAMS 0x00000000e4700000| PB 0x00000000e4700000| Complete 
|  72|0x00000000e4800000, 0x00000000e4900000, 0x00000000e4900000|100%|HC|  |TAMS 0x00000000e4800000| PB 0x00000000e4800000| Complete 
|  73|0x00000000e4900000, 0x00000000e4a00000, 0x00000000e4a00000|100%|HC|  |TAMS 0x00000000e4900000| PB 0x00000000e4900000| Complete 
|  74|0x00000000e4a00000, 0x00000000e4b00000, 0x00000000e4b00000|100%| O|  |TAMS 0x00000000e4a00000| PB 0x00000000e4a00000| Untracked 
|  75|0x00000000e4b00000, 0x00000000e4c00000, 0x00000000e4c00000|100%| O|  |TAMS 0x00000000e4b00000| PB 0x00000000e4b00000| Untracked 
|  76|0x00000000e4c00000, 0x00000000e4d00000, 0x00000000e4d00000|100%| O|  |TAMS 0x00000000e4c00000| PB 0x00000000e4c00000| Untracked 
|  77|0x00000000e4d00000, 0x00000000e4e00000, 0x00000000e4e00000|100%| O|Cm|TAMS 0x00000000e4d00000| PB 0x00000000e4d00000| Complete 
|  78|0x00000000e4e00000, 0x00000000e4f00000, 0x00000000e4f00000|100%| O|  |TAMS 0x00000000e4e00000| PB 0x00000000e4e00000| Untracked 
|  79|0x00000000e4f00000, 0x00000000e5000000, 0x00000000e5000000|100%|HS|  |TAMS 0x00000000e4f00000| PB 0x00000000e4f00000| Complete 
|  80|0x00000000e5000000, 0x00000000e5100000, 0x00000000e5100000|100%|HC|  |TAMS 0x00000000e5000000| PB 0x00000000e5000000| Complete 
|  81|0x00000000e5100000, 0x00000000e5200000, 0x00000000e5200000|100%|HC|  |TAMS 0x00000000e5100000| PB 0x00000000e5100000| Complete 
|  82|0x00000000e5200000, 0x00000000e5300000, 0x00000000e5300000|100%|HC|  |TAMS 0x00000000e5200000| PB 0x00000000e5200000| Complete 
|  83|0x00000000e5300000, 0x00000000e5400000, 0x00000000e5400000|100%|HC|  |TAMS 0x00000000e5300000| PB 0x00000000e5300000| Complete 
|  84|0x00000000e5400000, 0x00000000e5500000, 0x00000000e5500000|100%|HC|  |TAMS 0x00000000e5400000| PB 0x00000000e5400000| Complete 
|  85|0x00000000e5500000, 0x00000000e5600000, 0x00000000e5600000|100%| S|  |TAMS 0x00000000e5500000| PB 0x00000000e5500000| Complete 
|  86|0x00000000e5600000, 0x00000000e5700000, 0x00000000e5700000|100%| O|  |TAMS 0x00000000e5600000| PB 0x00000000e5600000| Untracked 
|  87|0x00000000e5700000, 0x00000000e572f720, 0x00000000e5800000| 18%| O|  |TAMS 0x00000000e5700000| PB 0x00000000e5700000| Untracked 
|  88|0x00000000e5800000, 0x00000000e5900000, 0x00000000e5900000|100%|HS|  |TAMS 0x00000000e5800000| PB 0x00000000e5800000| Complete 
|  89|0x00000000e5900000, 0x00000000e5a00000, 0x00000000e5a00000|100%|HC|  |TAMS 0x00000000e5900000| PB 0x00000000e5900000| Complete 
|  90|0x00000000e5a00000, 0x00000000e5b00000, 0x00000000e5b00000|100%|HC|  |TAMS 0x00000000e5a00000| PB 0x00000000e5a00000| Complete 
|  91|0x00000000e5b00000, 0x00000000e5c00000, 0x00000000e5c00000|100%|HC|  |TAMS 0x00000000e5b00000| PB 0x00000000e5b00000| Complete 
|  92|0x00000000e5c00000, 0x00000000e5d00000, 0x00000000e5d00000|100%|HC|  |TAMS 0x00000000e5c00000| PB 0x00000000e5c00000| Complete 
|  93|0x00000000e5d00000, 0x00000000e5e00000, 0x00000000e5e00000|100%|HC|  |TAMS 0x00000000e5d00000| PB 0x00000000e5d00000| Complete 
|  94|0x00000000e5e00000, 0x00000000e5f00000, 0x00000000e5f00000|100%| S|  |TAMS 0x00000000e5e00000| PB 0x00000000e5e00000| Complete 
|  95|0x00000000e5f00000, 0x00000000e6000000, 0x00000000e6000000|100%| S|  |TAMS 0x00000000e5f00000| PB 0x00000000e5f00000| Complete 
|  96|0x00000000e6000000, 0x00000000e6100000, 0x00000000e6100000|100%| S|  |TAMS 0x00000000e6000000| PB 0x00000000e6000000| Complete 
|  97|0x00000000e6100000, 0x00000000e6200000, 0x00000000e6200000|100%| S|  |TAMS 0x00000000e6100000| PB 0x00000000e6100000| Complete 
|  98|0x00000000e6200000, 0x00000000e6300000, 0x00000000e6300000|100%| S|  |TAMS 0x00000000e6200000| PB 0x00000000e6200000| Complete 
|  99|0x00000000e6300000, 0x00000000e6400000, 0x00000000e6400000|100%| S|  |TAMS 0x00000000e6300000| PB 0x00000000e6300000| Complete 
| 100|0x00000000e6400000, 0x00000000e6500000, 0x00000000e6500000|100%| S|  |TAMS 0x00000000e6400000| PB 0x00000000e6400000| Complete 
| 101|0x00000000e6500000, 0x00000000e6600000, 0x00000000e6600000|100%| S|  |TAMS 0x00000000e6500000| PB 0x00000000e6500000| Complete 
| 102|0x00000000e6600000, 0x00000000e6700000, 0x00000000e6700000|100%| S|  |TAMS 0x00000000e6600000| PB 0x00000000e6600000| Complete 
| 103|0x00000000e6700000, 0x00000000e6800000, 0x00000000e6800000|100%| E|CS|TAMS 0x00000000e6700000| PB 0x00000000e6700000| Complete 
| 104|0x00000000e6800000, 0x00000000e6900000, 0x00000000e6900000|100%| E|CS|TAMS 0x00000000e6800000| PB 0x00000000e6800000| Complete 
| 105|0x00000000e6900000, 0x00000000e6a00000, 0x00000000e6a00000|100%| E|CS|TAMS 0x00000000e6900000| PB 0x00000000e6900000| Complete 
| 106|0x00000000e6a00000, 0x00000000e6b00000, 0x00000000e6b00000|100%| E|CS|TAMS 0x00000000e6a00000| PB 0x00000000e6a00000| Complete 
| 107|0x00000000e6b00000, 0x00000000e6c00000, 0x00000000e6c00000|100%| E|CS|TAMS 0x00000000e6b00000| PB 0x00000000e6b00000| Complete 
| 108|0x00000000e6c00000, 0x00000000e6d00000, 0x00000000e6d00000|100%| E|CS|TAMS 0x00000000e6c00000| PB 0x00000000e6c00000| Complete 
| 109|0x00000000e6d00000, 0x00000000e6e00000, 0x00000000e6e00000|100%| E|CS|TAMS 0x00000000e6d00000| PB 0x00000000e6d00000| Complete 
| 110|0x00000000e6e00000, 0x00000000e6f00000, 0x00000000e6f00000|100%| E|CS|TAMS 0x00000000e6e00000| PB 0x00000000e6e00000| Complete 
| 111|0x00000000e6f00000, 0x00000000e7000000, 0x00000000e7000000|100%| E|CS|TAMS 0x00000000e6f00000| PB 0x00000000e6f00000| Complete 
| 112|0x00000000e7000000, 0x00000000e7100000, 0x00000000e7100000|100%| E|CS|TAMS 0x00000000e7000000| PB 0x00000000e7000000| Complete 
| 113|0x00000000e7100000, 0x00000000e7200000, 0x00000000e7200000|100%| E|CS|TAMS 0x00000000e7100000| PB 0x00000000e7100000| Complete 
| 114|0x00000000e7200000, 0x00000000e7300000, 0x00000000e7300000|100%| E|CS|TAMS 0x00000000e7200000| PB 0x00000000e7200000| Complete 
| 115|0x00000000e7300000, 0x00000000e7400000, 0x00000000e7400000|100%| E|CS|TAMS 0x00000000e7300000| PB 0x00000000e7300000| Complete 
| 116|0x00000000e7400000, 0x00000000e7500000, 0x00000000e7500000|100%| E|CS|TAMS 0x00000000e7400000| PB 0x00000000e7400000| Complete 
| 117|0x00000000e7500000, 0x00000000e7600000, 0x00000000e7600000|100%| E|CS|TAMS 0x00000000e7500000| PB 0x00000000e7500000| Complete 
| 118|0x00000000e7600000, 0x00000000e7700000, 0x00000000e7700000|100%| E|CS|TAMS 0x00000000e7600000| PB 0x00000000e7600000| Complete 
| 119|0x00000000e7700000, 0x00000000e7800000, 0x00000000e7800000|100%| E|CS|TAMS 0x00000000e7700000| PB 0x00000000e7700000| Complete 
| 120|0x00000000e7800000, 0x00000000e7900000, 0x00000000e7900000|100%| E|CS|TAMS 0x00000000e7800000| PB 0x00000000e7800000| Complete 
| 121|0x00000000e7900000, 0x00000000e7a00000, 0x00000000e7a00000|100%| E|CS|TAMS 0x00000000e7900000| PB 0x00000000e7900000| Complete 
| 122|0x00000000e7a00000, 0x00000000e7b00000, 0x00000000e7b00000|100%| E|CS|TAMS 0x00000000e7a00000| PB 0x00000000e7a00000| Complete 
| 123|0x00000000e7b00000, 0x00000000e7c00000, 0x00000000e7c00000|100%| E|CS|TAMS 0x00000000e7b00000| PB 0x00000000e7b00000| Complete 
| 124|0x00000000e7c00000, 0x00000000e7d00000, 0x00000000e7d00000|100%| E|CS|TAMS 0x00000000e7c00000| PB 0x00000000e7c00000| Complete 
| 125|0x00000000e7d00000, 0x00000000e7e00000, 0x00000000e7e00000|100%| E|CS|TAMS 0x00000000e7d00000| PB 0x00000000e7d00000| Complete 
| 126|0x00000000e7e00000, 0x00000000e7f00000, 0x00000000e7f00000|100%| E|CS|TAMS 0x00000000e7e00000| PB 0x00000000e7e00000| Complete 
| 127|0x00000000e7f00000, 0x00000000e8000000, 0x00000000e8000000|100%| E|CS|TAMS 0x00000000e7f00000| PB 0x00000000e7f00000| Complete 
| 128|0x00000000e8000000, 0x00000000e8100000, 0x00000000e8100000|100%| E|CS|TAMS 0x00000000e8000000| PB 0x00000000e8000000| Complete 
| 129|0x00000000e8100000, 0x00000000e8200000, 0x00000000e8200000|100%| E|CS|TAMS 0x00000000e8100000| PB 0x00000000e8100000| Complete 
| 130|0x00000000e8200000, 0x00000000e8300000, 0x00000000e8300000|100%| E|CS|TAMS 0x00000000e8200000| PB 0x00000000e8200000| Complete 
| 131|0x00000000e8300000, 0x00000000e8400000, 0x00000000e8400000|100%| E|CS|TAMS 0x00000000e8300000| PB 0x00000000e8300000| Complete 
| 132|0x00000000e8400000, 0x00000000e8500000, 0x00000000e8500000|100%| E|CS|TAMS 0x00000000e8400000| PB 0x00000000e8400000| Complete 
| 133|0x00000000e8500000, 0x00000000e8600000, 0x00000000e8600000|100%| E|CS|TAMS 0x00000000e8500000| PB 0x00000000e8500000| Complete 
| 134|0x00000000e8600000, 0x00000000e8700000, 0x00000000e8700000|100%| E|CS|TAMS 0x00000000e8600000| PB 0x00000000e8600000| Complete 
| 135|0x00000000e8700000, 0x00000000e8800000, 0x00000000e8800000|100%| E|CS|TAMS 0x00000000e8700000| PB 0x00000000e8700000| Complete 
| 136|0x00000000e8800000, 0x00000000e8900000, 0x00000000e8900000|100%| E|CS|TAMS 0x00000000e8800000| PB 0x00000000e8800000| Complete 
| 137|0x00000000e8900000, 0x00000000e8a00000, 0x00000000e8a00000|100%| E|CS|TAMS 0x00000000e8900000| PB 0x00000000e8900000| Complete 
| 138|0x00000000e8a00000, 0x00000000e8b00000, 0x00000000e8b00000|100%| E|CS|TAMS 0x00000000e8a00000| PB 0x00000000e8a00000| Complete 
| 139|0x00000000e8b00000, 0x00000000e8c00000, 0x00000000e8c00000|100%| E|CS|TAMS 0x00000000e8b00000| PB 0x00000000e8b00000| Complete 
| 140|0x00000000e8c00000, 0x00000000e8d00000, 0x00000000e8d00000|100%| E|CS|TAMS 0x00000000e8c00000| PB 0x00000000e8c00000| Complete 
| 141|0x00000000e8d00000, 0x00000000e8e00000, 0x00000000e8e00000|100%| E|CS|TAMS 0x00000000e8d00000| PB 0x00000000e8d00000| Complete 
| 142|0x00000000e8e00000, 0x00000000e8f00000, 0x00000000e8f00000|100%| E|CS|TAMS 0x00000000e8e00000| PB 0x00000000e8e00000| Complete 
| 143|0x00000000e8f00000, 0x00000000e9000000, 0x00000000e9000000|100%| E|CS|TAMS 0x00000000e8f00000| PB 0x00000000e8f00000| Complete 
| 144|0x00000000e9000000, 0x00000000e9100000, 0x00000000e9100000|100%| E|CS|TAMS 0x00000000e9000000| PB 0x00000000e9000000| Complete 
| 145|0x00000000e9100000, 0x00000000e9200000, 0x00000000e9200000|100%| E|CS|TAMS 0x00000000e9100000| PB 0x00000000e9100000| Complete 
| 146|0x00000000e9200000, 0x00000000e9300000, 0x00000000e9300000|100%| E|CS|TAMS 0x00000000e9200000| PB 0x00000000e9200000| Complete 
| 147|0x00000000e9300000, 0x00000000e9400000, 0x00000000e9400000|100%| E|CS|TAMS 0x00000000e9300000| PB 0x00000000e9300000| Complete 
| 148|0x00000000e9400000, 0x00000000e9500000, 0x00000000e9500000|100%| E|CS|TAMS 0x00000000e9400000| PB 0x00000000e9400000| Complete 
| 149|0x00000000e9500000, 0x00000000e9600000, 0x00000000e9600000|100%| E|CS|TAMS 0x00000000e9500000| PB 0x00000000e9500000| Complete 
| 150|0x00000000e9600000, 0x00000000e9700000, 0x00000000e9700000|100%| E|CS|TAMS 0x00000000e9600000| PB 0x00000000e9600000| Complete 
| 151|0x00000000e9700000, 0x00000000e97e5240, 0x00000000e9800000| 89%| E|CS|TAMS 0x00000000e9700000| PB 0x00000000e9700000| Complete 
| 152|0x00000000e9800000, 0x00000000e9900000, 0x00000000e9900000|100%| E|CS|TAMS 0x00000000e9800000| PB 0x00000000e9800000| Complete 
| 153|0x00000000e9900000, 0x00000000e9a00000, 0x00000000e9a00000|100%| E|CS|TAMS 0x00000000e9900000| PB 0x00000000e9900000| Complete 
| 154|0x00000000e9a00000, 0x00000000e9b00000, 0x00000000e9b00000|100%| E|CS|TAMS 0x00000000e9a00000| PB 0x00000000e9a00000| Complete 
| 155|0x00000000e9b00000, 0x00000000e9c00000, 0x00000000e9c00000|100%| E|CS|TAMS 0x00000000e9b00000| PB 0x00000000e9b00000| Complete 
| 156|0x00000000e9c00000, 0x00000000e9d00000, 0x00000000e9d00000|100%| E|CS|TAMS 0x00000000e9c00000| PB 0x00000000e9c00000| Complete 
| 157|0x00000000e9d00000, 0x00000000e9e00000, 0x00000000e9e00000|100%| E|CS|TAMS 0x00000000e9d00000| PB 0x00000000e9d00000| Complete 
| 158|0x00000000e9e00000, 0x00000000e9f00000, 0x00000000e9f00000|100%| E|CS|TAMS 0x00000000e9e00000| PB 0x00000000e9e00000| Complete 
| 159|0x00000000e9f00000, 0x00000000ea000000, 0x00000000ea000000|100%| E|CS|TAMS 0x00000000e9f00000| PB 0x00000000e9f00000| Complete 
| 160|0x00000000ea000000, 0x00000000ea100000, 0x00000000ea100000|100%| E|CS|TAMS 0x00000000ea000000| PB 0x00000000ea000000| Complete 
| 161|0x00000000ea100000, 0x00000000ea200000, 0x00000000ea200000|100%| E|CS|TAMS 0x00000000ea100000| PB 0x00000000ea100000| Complete 
| 162|0x00000000ea200000, 0x00000000ea300000, 0x00000000ea300000|100%| E|CS|TAMS 0x00000000ea200000| PB 0x00000000ea200000| Complete 
| 163|0x00000000ea300000, 0x00000000ea400000, 0x00000000ea400000|100%| E|CS|TAMS 0x00000000ea300000| PB 0x00000000ea300000| Complete 
| 164|0x00000000ea400000, 0x00000000ea500000, 0x00000000ea500000|100%| E|CS|TAMS 0x00000000ea400000| PB 0x00000000ea400000| Complete 
| 165|0x00000000ea500000, 0x00000000ea600000, 0x00000000ea600000|100%| E|CS|TAMS 0x00000000ea500000| PB 0x00000000ea500000| Complete 
| 166|0x00000000ea600000, 0x00000000ea700000, 0x00000000ea700000|100%| E|CS|TAMS 0x00000000ea600000| PB 0x00000000ea600000| Complete 
| 167|0x00000000ea700000, 0x00000000ea800000, 0x00000000ea800000|100%| E|CS|TAMS 0x00000000ea700000| PB 0x00000000ea700000| Complete 
| 168|0x00000000ea800000, 0x00000000ea900000, 0x00000000ea900000|100%| E|CS|TAMS 0x00000000ea800000| PB 0x00000000ea800000| Complete 
| 169|0x00000000ea900000, 0x00000000eaa00000, 0x00000000eaa00000|100%| E|CS|TAMS 0x00000000ea900000| PB 0x00000000ea900000| Complete 
| 170|0x00000000eaa00000, 0x00000000eab00000, 0x00000000eab00000|100%| E|CS|TAMS 0x00000000eaa00000| PB 0x00000000eaa00000| Complete 
| 171|0x00000000eab00000, 0x00000000eac00000, 0x00000000eac00000|100%| E|CS|TAMS 0x00000000eab00000| PB 0x00000000eab00000| Complete 
| 172|0x00000000eac00000, 0x00000000ead00000, 0x00000000ead00000|100%| E|CS|TAMS 0x00000000eac00000| PB 0x00000000eac00000| Complete 
| 173|0x00000000ead00000, 0x00000000eae00000, 0x00000000eae00000|100%| E|CS|TAMS 0x00000000ead00000| PB 0x00000000ead00000| Complete 
| 174|0x00000000eae00000, 0x00000000eaf00000, 0x00000000eaf00000|100%| E|CS|TAMS 0x00000000eae00000| PB 0x00000000eae00000| Complete 
| 175|0x00000000eaf00000, 0x00000000eb000000, 0x00000000eb000000|100%| E|CS|TAMS 0x00000000eaf00000| PB 0x00000000eaf00000| Complete 
| 176|0x00000000eb000000, 0x00000000eb100000, 0x00000000eb100000|100%| E|CS|TAMS 0x00000000eb000000| PB 0x00000000eb000000| Complete 
| 177|0x00000000eb100000, 0x00000000eb200000, 0x00000000eb200000|100%| E|CS|TAMS 0x00000000eb100000| PB 0x00000000eb100000| Complete 
| 178|0x00000000eb200000, 0x00000000eb300000, 0x00000000eb300000|100%| E|CS|TAMS 0x00000000eb200000| PB 0x00000000eb200000| Complete 
| 179|0x00000000eb300000, 0x00000000eb400000, 0x00000000eb400000|100%| E|CS|TAMS 0x00000000eb300000| PB 0x00000000eb300000| Complete 
| 180|0x00000000eb400000, 0x00000000eb500000, 0x00000000eb500000|100%| E|CS|TAMS 0x00000000eb400000| PB 0x00000000eb400000| Complete 
| 181|0x00000000eb500000, 0x00000000eb600000, 0x00000000eb600000|100%| E|CS|TAMS 0x00000000eb500000| PB 0x00000000eb500000| Complete 
| 182|0x00000000eb600000, 0x00000000eb700000, 0x00000000eb700000|100%| E|CS|TAMS 0x00000000eb600000| PB 0x00000000eb600000| Complete 
| 183|0x00000000eb700000, 0x00000000eb800000, 0x00000000eb800000|100%| E|CS|TAMS 0x00000000eb700000| PB 0x00000000eb700000| Complete 
| 184|0x00000000eb800000, 0x00000000eb900000, 0x00000000eb900000|100%| E|CS|TAMS 0x00000000eb800000| PB 0x00000000eb800000| Complete 
| 185|0x00000000eb900000, 0x00000000eba00000, 0x00000000eba00000|100%| E|CS|TAMS 0x00000000eb900000| PB 0x00000000eb900000| Complete 
| 186|0x00000000eba00000, 0x00000000ebb00000, 0x00000000ebb00000|100%| E|CS|TAMS 0x00000000eba00000| PB 0x00000000eba00000| Complete 
| 187|0x00000000ebb00000, 0x00000000ebc00000, 0x00000000ebc00000|100%| E|CS|TAMS 0x00000000ebb00000| PB 0x00000000ebb00000| Complete 
| 188|0x00000000ebc00000, 0x00000000ebd00000, 0x00000000ebd00000|100%| E|CS|TAMS 0x00000000ebc00000| PB 0x00000000ebc00000| Complete 
| 189|0x00000000ebd00000, 0x00000000ebe00000, 0x00000000ebe00000|100%| E|CS|TAMS 0x00000000ebd00000| PB 0x00000000ebd00000| Complete 
| 190|0x00000000ebe00000, 0x00000000ebf00000, 0x00000000ebf00000|100%| E|CS|TAMS 0x00000000ebe00000| PB 0x00000000ebe00000| Complete 
| 191|0x00000000ebf00000, 0x00000000ec000000, 0x00000000ec000000|100%| E|CS|TAMS 0x00000000ebf00000| PB 0x00000000ebf00000| Complete 
| 192|0x00000000ec000000, 0x00000000ec100000, 0x00000000ec100000|100%| E|CS|TAMS 0x00000000ec000000| PB 0x00000000ec000000| Complete 
| 193|0x00000000ec100000, 0x00000000ec200000, 0x00000000ec200000|100%| E|CS|TAMS 0x00000000ec100000| PB 0x00000000ec100000| Complete 
| 194|0x00000000ec200000, 0x00000000ec300000, 0x00000000ec300000|100%| E|CS|TAMS 0x00000000ec200000| PB 0x00000000ec200000| Complete 
| 195|0x00000000ec300000, 0x00000000ec400000, 0x00000000ec400000|100%| E|CS|TAMS 0x00000000ec300000| PB 0x00000000ec300000| Complete 
| 196|0x00000000ec400000, 0x00000000ec500000, 0x00000000ec500000|100%| E|CS|TAMS 0x00000000ec400000| PB 0x00000000ec400000| Complete 
| 197|0x00000000ec500000, 0x00000000ec600000, 0x00000000ec600000|100%| E|CS|TAMS 0x00000000ec500000| PB 0x00000000ec500000| Complete 
| 198|0x00000000ec600000, 0x00000000ec700000, 0x00000000ec700000|100%| E|CS|TAMS 0x00000000ec600000| PB 0x00000000ec600000| Complete 
| 199|0x00000000ec700000, 0x00000000ec800000, 0x00000000ec800000|100%| E|CS|TAMS 0x00000000ec700000| PB 0x00000000ec700000| Complete 
| 200|0x00000000ec800000, 0x00000000ec900000, 0x00000000ec900000|100%| E|CS|TAMS 0x00000000ec800000| PB 0x00000000ec800000| Complete 
| 201|0x00000000ec900000, 0x00000000eca00000, 0x00000000eca00000|100%| E|CS|TAMS 0x00000000ec900000| PB 0x00000000ec900000| Complete 
| 202|0x00000000eca00000, 0x00000000ecb00000, 0x00000000ecb00000|100%| E|CS|TAMS 0x00000000eca00000| PB 0x00000000eca00000| Complete 
| 203|0x00000000ecb00000, 0x00000000ecc00000, 0x00000000ecc00000|100%| E|CS|TAMS 0x00000000ecb00000| PB 0x00000000ecb00000| Complete 
| 204|0x00000000ecc00000, 0x00000000ecd00000, 0x00000000ecd00000|100%| E|CS|TAMS 0x00000000ecc00000| PB 0x00000000ecc00000| Complete 
| 205|0x00000000ecd00000, 0x00000000ece00000, 0x00000000ece00000|100%| E|CS|TAMS 0x00000000ecd00000| PB 0x00000000ecd00000| Complete 
| 206|0x00000000ece00000, 0x00000000ecf00000, 0x00000000ecf00000|100%| E|CS|TAMS 0x00000000ece00000| PB 0x00000000ece00000| Complete 
| 207|0x00000000ecf00000, 0x00000000ed000000, 0x00000000ed000000|100%| E|CS|TAMS 0x00000000ecf00000| PB 0x00000000ecf00000| Complete 
| 208|0x00000000ed000000, 0x00000000ed100000, 0x00000000ed100000|100%| E|CS|TAMS 0x00000000ed000000| PB 0x00000000ed000000| Complete 
| 209|0x00000000ed100000, 0x00000000ed200000, 0x00000000ed200000|100%| E|CS|TAMS 0x00000000ed100000| PB 0x00000000ed100000| Complete 
| 210|0x00000000ed200000, 0x00000000ed300000, 0x00000000ed300000|100%| E|CS|TAMS 0x00000000ed200000| PB 0x00000000ed200000| Complete 
| 211|0x00000000ed300000, 0x00000000ed400000, 0x00000000ed400000|100%| E|CS|TAMS 0x00000000ed300000| PB 0x00000000ed300000| Complete 
| 212|0x00000000ed400000, 0x00000000ed500000, 0x00000000ed500000|100%| E|CS|TAMS 0x00000000ed400000| PB 0x00000000ed400000| Complete 
| 213|0x00000000ed500000, 0x00000000ed600000, 0x00000000ed600000|100%| E|CS|TAMS 0x00000000ed500000| PB 0x00000000ed500000| Complete 
| 214|0x00000000ed600000, 0x00000000ed700000, 0x00000000ed700000|100%| E|CS|TAMS 0x00000000ed600000| PB 0x00000000ed600000| Complete 
| 215|0x00000000ed700000, 0x00000000ed800000, 0x00000000ed800000|100%| E|CS|TAMS 0x00000000ed700000| PB 0x00000000ed700000| Complete 
| 216|0x00000000ed800000, 0x00000000ed900000, 0x00000000ed900000|100%| E|CS|TAMS 0x00000000ed800000| PB 0x00000000ed800000| Complete 
| 217|0x00000000ed900000, 0x00000000eda00000, 0x00000000eda00000|100%| E|CS|TAMS 0x00000000ed900000| PB 0x00000000ed900000| Complete 
| 218|0x00000000eda00000, 0x00000000edb00000, 0x00000000edb00000|100%| E|CS|TAMS 0x00000000eda00000| PB 0x00000000eda00000| Complete 
| 219|0x00000000edb00000, 0x00000000edc00000, 0x00000000edc00000|100%| E|CS|TAMS 0x00000000edb00000| PB 0x00000000edb00000| Complete 
| 220|0x00000000edc00000, 0x00000000edd00000, 0x00000000edd00000|100%| E|CS|TAMS 0x00000000edc00000| PB 0x00000000edc00000| Complete 
| 221|0x00000000edd00000, 0x00000000ede00000, 0x00000000ede00000|100%| E|CS|TAMS 0x00000000edd00000| PB 0x00000000edd00000| Complete 
| 222|0x00000000ede00000, 0x00000000edf00000, 0x00000000edf00000|100%| E|CS|TAMS 0x00000000ede00000| PB 0x00000000ede00000| Complete 
| 223|0x00000000edf00000, 0x00000000ee000000, 0x00000000ee000000|100%| E|CS|TAMS 0x00000000edf00000| PB 0x00000000edf00000| Complete 
| 224|0x00000000ee000000, 0x00000000ee100000, 0x00000000ee100000|100%| E|CS|TAMS 0x00000000ee000000| PB 0x00000000ee000000| Complete 
| 225|0x00000000ee100000, 0x00000000ee200000, 0x00000000ee200000|100%| E|CS|TAMS 0x00000000ee100000| PB 0x00000000ee100000| Complete 
| 226|0x00000000ee200000, 0x00000000ee300000, 0x00000000ee300000|100%| E|CS|TAMS 0x00000000ee200000| PB 0x00000000ee200000| Complete 
| 227|0x00000000ee300000, 0x00000000ee400000, 0x00000000ee400000|100%| E|CS|TAMS 0x00000000ee300000| PB 0x00000000ee300000| Complete 
| 228|0x00000000ee400000, 0x00000000ee500000, 0x00000000ee500000|100%| E|CS|TAMS 0x00000000ee400000| PB 0x00000000ee400000| Complete 
| 229|0x00000000ee500000, 0x00000000ee600000, 0x00000000ee600000|100%| E|CS|TAMS 0x00000000ee500000| PB 0x00000000ee500000| Complete 
| 230|0x00000000ee600000, 0x00000000ee700000, 0x00000000ee700000|100%| E|CS|TAMS 0x00000000ee600000| PB 0x00000000ee600000| Complete 
| 231|0x00000000ee700000, 0x00000000ee800000, 0x00000000ee800000|100%| E|CS|TAMS 0x00000000ee700000| PB 0x00000000ee700000| Complete 
| 232|0x00000000ee800000, 0x00000000ee900000, 0x00000000ee900000|100%| E|CS|TAMS 0x00000000ee800000| PB 0x00000000ee800000| Complete 
| 233|0x00000000ee900000, 0x00000000eea00000, 0x00000000eea00000|100%| E|CS|TAMS 0x00000000ee900000| PB 0x00000000ee900000| Complete 
| 234|0x00000000eea00000, 0x00000000eeb00000, 0x00000000eeb00000|100%| E|CS|TAMS 0x00000000eea00000| PB 0x00000000eea00000| Complete 
| 235|0x00000000eeb00000, 0x00000000eec00000, 0x00000000eec00000|100%| E|CS|TAMS 0x00000000eeb00000| PB 0x00000000eeb00000| Complete 
| 236|0x00000000eec00000, 0x00000000eed00000, 0x00000000eed00000|100%| E|CS|TAMS 0x00000000eec00000| PB 0x00000000eec00000| Complete 
| 237|0x00000000eed00000, 0x00000000eee00000, 0x00000000eee00000|100%| E|CS|TAMS 0x00000000eed00000| PB 0x00000000eed00000| Complete 
| 238|0x00000000eee00000, 0x00000000eef00000, 0x00000000eef00000|100%| E|CS|TAMS 0x00000000eee00000| PB 0x00000000eee00000| Complete 
| 239|0x00000000eef00000, 0x00000000ef000000, 0x00000000ef000000|100%| E|CS|TAMS 0x00000000eef00000| PB 0x00000000eef00000| Complete 
| 240|0x00000000ef000000, 0x00000000ef100000, 0x00000000ef100000|100%| E|CS|TAMS 0x00000000ef000000| PB 0x00000000ef000000| Complete 
| 241|0x00000000ef100000, 0x00000000ef200000, 0x00000000ef200000|100%| E|CS|TAMS 0x00000000ef100000| PB 0x00000000ef100000| Complete 
| 242|0x00000000ef200000, 0x00000000ef300000, 0x00000000ef300000|100%| E|CS|TAMS 0x00000000ef200000| PB 0x00000000ef200000| Complete 
| 243|0x00000000ef300000, 0x00000000ef400000, 0x00000000ef400000|100%| E|CS|TAMS 0x00000000ef300000| PB 0x00000000ef300000| Complete 
| 244|0x00000000ef400000, 0x00000000ef500000, 0x00000000ef500000|100%| E|CS|TAMS 0x00000000ef400000| PB 0x00000000ef400000| Complete 
| 245|0x00000000ef500000, 0x00000000ef600000, 0x00000000ef600000|100%| E|CS|TAMS 0x00000000ef500000| PB 0x00000000ef500000| Complete 
| 246|0x00000000ef600000, 0x00000000ef700000, 0x00000000ef700000|100%| E|CS|TAMS 0x00000000ef600000| PB 0x00000000ef600000| Complete 
| 247|0x00000000ef700000, 0x00000000ef800000, 0x00000000ef800000|100%| E|CS|TAMS 0x00000000ef700000| PB 0x00000000ef700000| Complete 
| 248|0x00000000ef800000, 0x00000000ef900000, 0x00000000ef900000|100%| E|CS|TAMS 0x00000000ef800000| PB 0x00000000ef800000| Complete 
| 249|0x00000000ef900000, 0x00000000efa00000, 0x00000000efa00000|100%| E|CS|TAMS 0x00000000ef900000| PB 0x00000000ef900000| Complete 
| 250|0x00000000efa00000, 0x00000000efb00000, 0x00000000efb00000|100%| E|CS|TAMS 0x00000000efa00000| PB 0x00000000efa00000| Complete 
| 251|0x00000000efb00000, 0x00000000efc00000, 0x00000000efc00000|100%| E|CS|TAMS 0x00000000efb00000| PB 0x00000000efb00000| Complete 
| 252|0x00000000efc00000, 0x00000000efd00000, 0x00000000efd00000|100%| E|CS|TAMS 0x00000000efc00000| PB 0x00000000efc00000| Complete 
| 253|0x00000000efd00000, 0x00000000efe00000, 0x00000000efe00000|100%| E|CS|TAMS 0x00000000efd00000| PB 0x00000000efd00000| Complete 
| 254|0x00000000efe00000, 0x00000000eff00000, 0x00000000eff00000|100%| E|CS|TAMS 0x00000000efe00000| PB 0x00000000efe00000| Complete 
| 255|0x00000000eff00000, 0x00000000f0000000, 0x00000000f0000000|100%| E|CS|TAMS 0x00000000eff00000| PB 0x00000000eff00000| Complete 
| 256|0x00000000f0000000, 0x00000000f0100000, 0x00000000f0100000|100%| S|  |TAMS 0x00000000f0000000| PB 0x00000000f0000000| Complete 

Card table byte_map: [0x000002acebd00000,0x000002acebe00000] _byte_map_base: 0x000002aceb600000

Marking Bits: (CMBitMap*) 0x000002acd46afc90
 Bits: [0x000002acebe00000, 0x000002acec600000)

Polling page: 0x000002acd2830000

Metaspace:

Usage:
  Non-class:     97.25 MB used.
      Class:     15.05 MB used.
       Both:    112.30 MB used.

Virtual space:
  Non-class space:      128.00 MB reserved,      98.12 MB ( 77%) committed,  2 nodes.
      Class space:      320.00 MB reserved,      15.88 MB (  5%) committed,  1 nodes.
             Both:      448.00 MB reserved,     114.00 MB ( 25%) committed. 

Chunk freelists:
   Non-Class:  13.34 MB
       Class:  128.00 KB
        Both:  13.47 MB

MaxMetaspaceSize: 384.00 MB
CompressedClassSpaceSize: 320.00 MB
Initial GC threshold: 21.00 MB
Current GC threshold: 170.75 MB
CDS: on
 - commit_granule_bytes: 65536.
 - commit_granule_words: 8192.
 - virtual_space_node_default_size: 8388608.
 - enlarge_chunks_in_place: 1.
 - use_allocation_guard: 0.


Internal statistics:

num_allocs_failed_limit: 18.
num_arena_births: 5410.
num_arena_deaths: 2422.
num_vsnodes_births: 3.
num_vsnodes_deaths: 0.
num_space_committed: 1835.
num_space_uncommitted: 7.
num_chunks_returned_to_freelist: 2912.
num_chunks_taken_from_freelist: 11146.
num_chunk_merges: 1008.
num_chunk_splits: 6800.
num_chunks_enlarged: 4487.
num_inconsistent_stats: 0.

CodeHeap 'non-profiled nmethods': size=120000Kb used=9446Kb max_used=9744Kb free=110554Kb
 bounds [0x000002ace45c0000, 0x000002ace4f50000, 0x000002acebaf0000]
CodeHeap 'profiled nmethods': size=120000Kb used=24856Kb max_used=28304Kb free=95143Kb
 bounds [0x000002acdcaf0000, 0x000002acde6f0000, 0x000002ace4020000]
CodeHeap 'non-nmethods': size=5760Kb used=2971Kb max_used=3022Kb free=2788Kb
 bounds [0x000002ace4020000, 0x000002ace4340000, 0x000002ace45c0000]
 total_blobs=13642 nmethods=12595 adapters=950
 compilation: enabled
              stopped_count=0, restarted_count=0
 full_count=0

Compilation events (20 events):
Event: 1026.525 Thread 0x000002aceee27050 nmethod 16851 0x000002acddba4f90 code [0x000002acddba5160, 0x000002acddba5568]
Event: 1026.525 Thread 0x000002aceee27050 16852       3       kotlin.reflect.jvm.internal.ReflectionFactoryImpl::getOwner (23 bytes)
Event: 1026.525 Thread 0x000002aceee27050 nmethod 16852 0x000002acddcf8710 code [0x000002acddcf88e0, 0x000002acddcf8d88]
Event: 1026.525 Thread 0x000002aceee27050 16853       3       kotlin.jvm.internal.CallableReference::getOwner (36 bytes)
Event: 1026.526 Thread 0x000002aceee27050 nmethod 16853 0x000002acdd234a10 code [0x000002acdd234d60, 0x000002acdd235f30]
Event: 1026.527 Thread 0x000002aceee245a0 16854   !   4       java.lang.ClassLoader::addClass (27 bytes)
Event: 1026.533 Thread 0x000002aceee245a0 nmethod 16854 0x000002ace4e3f090 code [0x000002ace4e3f260, 0x000002ace4e3fb58]
Event: 1026.565 Thread 0x000002aceee245a0 16855   !   4       java.net.URLClassLoader::defineClass (224 bytes)
Event: 1026.582 Thread 0x000002aceee27050 16856       1       org.jetbrains.kotlin.cli.jvm.index.JavaRoot::getType (5 bytes)
Event: 1026.582 Thread 0x000002aceee27050 nmethod 16856 0x000002ace4d42390 code [0x000002ace4d42520, 0x000002ace4d425e8]
Event: 1026.584 Thread 0x000002aceee27050 16857       3       jdk.internal.jimage.ImageReader$Node::<init> (27 bytes)
Event: 1026.585 Thread 0x000002aceee27050 nmethod 16857 0x000002acdd3f5410 code [0x000002acdd3f5600, 0x000002acdd3f5bf8]
Event: 1026.585 Thread 0x000002aceee27050 16858       3       org.jetbrains.kotlin.cli.jvm.modules.CoreJrtVirtualFile::<init> (62 bytes)
Event: 1026.586 Thread 0x000002aceee27050 nmethod 16858 0x000002acdd3dff10 code [0x000002acdd3e02a0, 0x000002acdd3e19c8]
Event: 1026.586 Thread 0x000002aceee27050 16859       3       org.jetbrains.kotlin.cli.jvm.modules.CoreJrtVirtualFile$myChildren$2::<init> (11 bytes)
Event: 1026.586 Thread 0x000002aceee27050 nmethod 16859 0x000002acdda30810 code [0x000002acdda309c0, 0x000002acdda30bf0]
Event: 1026.586 Thread 0x000002aceee27050 16860       1       jdk.internal.jimage.ImageReader$Node::isLink (2 bytes)
Event: 1026.586 Thread 0x000002aceee27050 nmethod 16860 0x000002ace4d41e90 code [0x000002ace4d42020, 0x000002ace4d420e8]
Event: 1026.586 Thread 0x000002aceee27050 16861       1       org.jetbrains.kotlin.cli.jvm.index.JvmDependenciesIndexImpl$Cache::getRootIndices (5 bytes)
Event: 1026.586 Thread 0x000002aceee27050 nmethod 16861 0x000002ace4b2f110 code [0x000002ace4b2f2a0, 0x000002ace4b2f368]

GC Heap History (20 events):
Event: 12.238 GC heap after
{Heap after GC invocations=11 (full 0):
 garbage-first heap   total 262144K, used 44214K [0x00000000e0000000, 0x0000000100000000)
  region size 1024K, 5 young (5120K), 5 survivors (5120K)
 Metaspace       used 59491K, committed 61440K, reserved 393216K
  class space    used 8607K, committed 9600K, reserved 327680K
}
Event: 17.362 GC heap before
{Heap before GC invocations=12 (full 0):
 garbage-first heap   total 262144K, used 195766K [0x00000000e0000000, 0x0000000100000000)
  region size 1024K, 153 young (156672K), 5 survivors (5120K)
 Metaspace       used 69359K, committed 71296K, reserved 393216K
  class space    used 9783K, committed 10752K, reserved 327680K
}
Event: 17.381 GC heap after
{Heap after GC invocations=13 (full 0):
 garbage-first heap   total 262144K, used 56869K [0x00000000e0000000, 0x0000000100000000)
  region size 1024K, 18 young (18432K), 18 survivors (18432K)
 Metaspace       used 69359K, committed 71296K, reserved 393216K
  class space    used 9783K, committed 10752K, reserved 327680K
}
Event: 20.674 GC heap before
{Heap before GC invocations=13 (full 0):
 garbage-first heap   total 262144K, used 198181K [0x00000000e0000000, 0x0000000100000000)
  region size 1024K, 153 young (156672K), 18 survivors (18432K)
 Metaspace       used 80814K, committed 82816K, reserved 458752K
  class space    used 11186K, committed 12160K, reserved 327680K
}
Event: 20.691 GC heap after
{Heap after GC invocations=14 (full 0):
 garbage-first heap   total 262144K, used 66241K [0x00000000e0000000, 0x0000000100000000)
  region size 1024K, 8 young (8192K), 8 survivors (8192K)
 Metaspace       used 80814K, committed 82816K, reserved 458752K
  class space    used 11186K, committed 12160K, reserved 327680K
}
Event: 709.851 GC heap before
{Heap before GC invocations=14 (full 0):
 garbage-first heap   total 262144K, used 126657K [0x00000000e0000000, 0x0000000100000000)
  region size 1024K, 69 young (70656K), 8 survivors (8192K)
 Metaspace       used 82407K, committed 84480K, reserved 458752K
  class space    used 11385K, committed 12416K, reserved 327680K
}
Event: 709.917 GC heap after
{Heap after GC invocations=15 (full 0):
 garbage-first heap   total 262144K, used 65765K [0x00000000e0000000, 0x0000000100000000)
  region size 1024K, 9 young (9216K), 9 survivors (9216K)
 Metaspace       used 82407K, committed 84480K, reserved 458752K
  class space    used 11385K, committed 12416K, reserved 327680K
}
Event: 958.873 GC heap before
{Heap before GC invocations=16 (full 0):
 garbage-first heap   total 262144K, used 229605K [0x00000000e0000000, 0x0000000100000000)
  region size 1024K, 153 young (156672K), 9 survivors (9216K)
 Metaspace       used 84576K, committed 86144K, reserved 458752K
  class space    used 11470K, committed 12416K, reserved 327680K
}
Event: 958.973 GC heap after
{Heap after GC invocations=17 (full 0):
 garbage-first heap   total 262144K, used 85612K [0x00000000e0000000, 0x0000000100000000)
  region size 1024K, 14 young (14336K), 14 survivors (14336K)
 Metaspace       used 84576K, committed 86144K, reserved 458752K
  class space    used 11470K, committed 12416K, reserved 327680K
}
Event: 980.234 GC heap before
{Heap before GC invocations=17 (full 0):
 garbage-first heap   total 262144K, used 226924K [0x00000000e0000000, 0x0000000100000000)
  region size 1024K, 154 young (157696K), 14 survivors (14336K)
 Metaspace       used 90334K, committed 91520K, reserved 458752K
  class space    used 12570K, committed 13120K, reserved 327680K
}
Event: 980.295 GC heap after
{Heap after GC invocations=18 (full 0):
 garbage-first heap   total 262144K, used 85432K [0x00000000e0000000, 0x0000000100000000)
  region size 1024K, 15 young (15360K), 15 survivors (15360K)
 Metaspace       used 90334K, committed 91520K, reserved 458752K
  class space    used 12570K, committed 13120K, reserved 327680K
}
Event: 980.822 GC heap before
{Heap before GC invocations=18 (full 0):
 garbage-first heap   total 262144K, used 225720K [0x00000000e0000000, 0x0000000100000000)
  region size 1024K, 153 young (156672K), 15 survivors (15360K)
 Metaspace       used 90541K, committed 91776K, reserved 458752K
  class space    used 12584K, committed 13184K, reserved 327680K
}
Event: 980.837 GC heap after
{Heap after GC invocations=19 (full 0):
 garbage-first heap   total 262144K, used 85131K [0x00000000e0000000, 0x0000000100000000)
  region size 1024K, 5 young (5120K), 5 survivors (5120K)
 Metaspace       used 90541K, committed 91776K, reserved 458752K
  class space    used 12584K, committed 13184K, reserved 327680K
}
Event: 983.800 GC heap before
{Heap before GC invocations=20 (full 0):
 garbage-first heap   total 262144K, used 236683K [0x00000000e0000000, 0x0000000100000000)
  region size 1024K, 153 young (156672K), 5 survivors (5120K)
 Metaspace       used 89462K, committed 91008K, reserved 458752K
  class space    used 12477K, committed 13120K, reserved 327680K
}
Event: 983.806 GC heap after
{Heap after GC invocations=21 (full 0):
 garbage-first heap   total 262144K, used 86741K [0x00000000e0000000, 0x0000000100000000)
  region size 1024K, 7 young (7168K), 7 survivors (7168K)
 Metaspace       used 89462K, committed 91008K, reserved 458752K
  class space    used 12477K, committed 13120K, reserved 327680K
}
Event: 1000.886 GC heap before
{Heap before GC invocations=21 (full 0):
 garbage-first heap   total 262144K, used 243413K [0x00000000e0000000, 0x0000000100000000)
  region size 1024K, 153 young (156672K), 7 survivors (7168K)
 Metaspace       used 93936K, committed 95232K, reserved 458752K
  class space    used 12939K, committed 13568K, reserved 327680K
}
Event: 1001.027 GC heap after
{Heap after GC invocations=22 (full 0):
 garbage-first heap   total 262144K, used 87604K [0x00000000e0000000, 0x0000000100000000)
  region size 1024K, 9 young (9216K), 9 survivors (9216K)
 Metaspace       used 93936K, committed 95232K, reserved 458752K
  class space    used 12939K, committed 13568K, reserved 327680K
}
Event: 1010.559 GC heap before
{Heap before GC invocations=22 (full 0):
 garbage-first heap   total 262144K, used 183860K [0x00000000e0000000, 0x0000000100000000)
  region size 1024K, 104 young (106496K), 9 survivors (9216K)
 Metaspace       used 103519K, committed 104896K, reserved 458752K
  class space    used 14151K, committed 14848K, reserved 327680K
}
Event: 1010.769 GC heap after
{Heap after GC invocations=23 (full 0):
 garbage-first heap   total 262144K, used 89170K [0x00000000e0000000, 0x0000000100000000)
  region size 1024K, 10 young (10240K), 10 survivors (10240K)
 Metaspace       used 103519K, committed 104896K, reserved 458752K
  class space    used 14151K, committed 14848K, reserved 327680K
}
Event: 1026.589 GC heap before
{Heap before GC invocations=24 (full 0):
 garbage-first heap   total 262144K, used 249938K [0x00000000e0000000, 0x0000000100000000)
  region size 1024K, 153 young (156672K), 10 survivors (10240K)
 Metaspace       used 114998K, committed 116736K, reserved 458752K
  class space    used 15410K, committed 16256K, reserved 327680K
}

Dll operation events (15 events):
Event: 0.012 Loaded shared library C:\Program Files\Java\jdk-21\bin\java.dll
Event: 0.099 Loaded shared library C:\Program Files\Java\jdk-21\bin\jsvml.dll
Event: 0.163 Loaded shared library C:\Program Files\Java\jdk-21\bin\zip.dll
Event: 0.170 Loaded shared library C:\Program Files\Java\jdk-21\bin\instrument.dll
Event: 0.179 Loaded shared library C:\Program Files\Java\jdk-21\bin\net.dll
Event: 0.182 Loaded shared library C:\Program Files\Java\jdk-21\bin\nio.dll
Event: 0.188 Loaded shared library C:\Program Files\Java\jdk-21\bin\zip.dll
Event: 0.450 Loaded shared library C:\Program Files\Java\jdk-21\bin\jimage.dll
Event: 0.539 Loaded shared library C:\Program Files\Java\jdk-21\bin\verify.dll
Event: 0.746 Loaded shared library C:\Users\ziemo\.gradle\native\c067742578af261105cb4f569cf0c3c89f3d7b1fecec35dd04571415982c5e48\windows-amd64\native-platform.dll
Event: 0.762 Loaded shared library C:\Users\ziemo\.gradle\native\38dada09dfb8b06ba9b0570ebf7e218e3eb74d4ef43ca46872605cf95ebc2f47\windows-amd64\native-platform-file-events.dll
Event: 1.883 Loaded shared library C:\Program Files\Java\jdk-21\bin\management.dll
Event: 1.889 Loaded shared library C:\Program Files\Java\jdk-21\bin\management_ext.dll
Event: 2.152 Loaded shared library C:\Program Files\Java\jdk-21\bin\extnet.dll
Event: 2.369 Loaded shared library C:\Program Files\Java\jdk-21\bin\sunmscapi.dll

Deoptimization events (20 events):
Event: 1026.218 Thread 0x000002acf83338d0 Uncommon trap: trap_request=0xffffff45 fr.pc=0x000002ace4780b30 relative=0x0000000000000110
Event: 1026.218 Thread 0x000002acf83338d0 Uncommon trap: reason=unstable_if action=reinterpret pc=0x000002ace4780b30 method=org.jetbrains.kotlin.com.intellij.util.SmartList.get(I)Ljava/lang/Object; @ 13 c2
Event: 1026.218 Thread 0x000002acf83338d0 DEOPT PACKING pc=0x000002ace4780b30 sp=0x000000b2ea4f3c30
Event: 1026.218 Thread 0x000002acf83338d0 DEOPT UNPACKING pc=0x000002ace40746a2 sp=0x000000b2ea4f3bc0 mode 2
Event: 1026.259 Thread 0x000002acf83338d0 Uncommon trap: trap_request=0xffffffde fr.pc=0x000002ace4d8905c relative=0x000000000000025c
Event: 1026.259 Thread 0x000002acf83338d0 Uncommon trap: reason=class_check action=maybe_recompile pc=0x000002ace4d8905c method=java.util.regex.Pattern$CharProperty.match(Ljava/util/regex/Matcher;ILjava/lang/CharSequence;)Z @ 37 c2
Event: 1026.259 Thread 0x000002acf83338d0 DEOPT PACKING pc=0x000002ace4d8905c sp=0x000000b2ea4f3000
Event: 1026.259 Thread 0x000002acf83338d0 DEOPT UNPACKING pc=0x000002ace40746a2 sp=0x000000b2ea4f2fb0 mode 2
Event: 1026.260 Thread 0x000002acf83338d0 Uncommon trap: trap_request=0xffffffde fr.pc=0x000002ace4d8905c relative=0x000000000000025c
Event: 1026.260 Thread 0x000002acf83338d0 Uncommon trap: reason=class_check action=maybe_recompile pc=0x000002ace4d8905c method=java.util.regex.Pattern$CharProperty.match(Ljava/util/regex/Matcher;ILjava/lang/CharSequence;)Z @ 37 c2
Event: 1026.260 Thread 0x000002acf83338d0 DEOPT PACKING pc=0x000002ace4d8905c sp=0x000000b2ea4f3000
Event: 1026.260 Thread 0x000002acf83338d0 DEOPT UNPACKING pc=0x000002ace40746a2 sp=0x000000b2ea4f2fb0 mode 2
Event: 1026.260 Thread 0x000002acf83338d0 Uncommon trap: trap_request=0xffffffde fr.pc=0x000002ace4d8905c relative=0x000000000000025c
Event: 1026.260 Thread 0x000002acf83338d0 Uncommon trap: reason=class_check action=maybe_recompile pc=0x000002ace4d8905c method=java.util.regex.Pattern$CharProperty.match(Ljava/util/regex/Matcher;ILjava/lang/CharSequence;)Z @ 37 c2
Event: 1026.260 Thread 0x000002acf83338d0 DEOPT PACKING pc=0x000002ace4d8905c sp=0x000000b2ea4f3000
Event: 1026.261 Thread 0x000002acf83338d0 DEOPT UNPACKING pc=0x000002ace40746a2 sp=0x000000b2ea4f2fb0 mode 2
Event: 1026.261 Thread 0x000002acf83338d0 Uncommon trap: trap_request=0xffffffde fr.pc=0x000002ace4d8905c relative=0x000000000000025c
Event: 1026.261 Thread 0x000002acf83338d0 Uncommon trap: reason=class_check action=maybe_recompile pc=0x000002ace4d8905c method=java.util.regex.Pattern$CharProperty.match(Ljava/util/regex/Matcher;ILjava/lang/CharSequence;)Z @ 37 c2
Event: 1026.261 Thread 0x000002acf83338d0 DEOPT PACKING pc=0x000002ace4d8905c sp=0x000000b2ea4f3000
Event: 1026.261 Thread 0x000002acf83338d0 DEOPT UNPACKING pc=0x000002ace40746a2 sp=0x000000b2ea4f2fb0 mode 2

Classes loaded (20 events):
Event: 1010.213 Loading class java/io/IOError
Event: 1010.214 Loading class java/io/IOError done
Event: 1010.226 Loading class java/nio/channels/FileChannel$MapMode
Event: 1010.226 Loading class java/nio/channels/FileChannel$MapMode done
Event: 1010.226 Loading class jdk/internal/misc/ExtendedMapMode
Event: 1010.227 Loading class jdk/internal/misc/ExtendedMapMode done
Event: 1010.245 Loading class sun/nio/ch/FileChannelImpl$DefaultUnmapper
Event: 1010.250 Loading class sun/nio/ch/FileChannelImpl$Unmapper
Event: 1010.287 Loading class jdk/internal/access/foreign/UnmapperProxy
Event: 1010.294 Loading class jdk/internal/access/foreign/UnmapperProxy done
Event: 1010.294 Loading class sun/nio/ch/FileChannelImpl$Unmapper done
Event: 1010.294 Loading class sun/nio/ch/FileChannelImpl$DefaultUnmapper done
Event: 1010.294 Loading class sun/nio/ch/Util$4
Event: 1010.296 Loading class sun/nio/ch/Util$4 done
Event: 1010.335 Loading class java/io/UTFDataFormatException
Event: 1010.335 Loading class java/io/UTFDataFormatException done
Event: 1012.497 Loading class java/nio/channels/Channels$ReadableByteChannelImpl
Event: 1012.498 Loading class java/nio/channels/Channels$ReadableByteChannelImpl done
Event: 1012.499 Loading class java/nio/channels/NonWritableChannelException
Event: 1012.499 Loading class java/nio/channels/NonWritableChannelException done

Classes unloaded (20 events):
Event: 1010.992 Thread 0x000002aceedfdae0 Unloading class 0x000002ac813a1800 'java/lang/invoke/LambdaForm$MH+0x000002ac813a1800'
Event: 1010.992 Thread 0x000002aceedfdae0 Unloading class 0x000002ac81350400 'java/lang/invoke/LambdaForm$MH+0x000002ac81350400'
Event: 1010.992 Thread 0x000002aceedfdae0 Unloading class 0x000002ac81350000 'java/lang/invoke/LambdaForm$MH+0x000002ac81350000'
Event: 1010.992 Thread 0x000002aceedfdae0 Unloading class 0x000002ac81348c00 'java/lang/invoke/LambdaForm$MH+0x000002ac81348c00'
Event: 1010.992 Thread 0x000002aceedfdae0 Unloading class 0x000002ac81348800 'java/lang/invoke/LambdaForm$MH+0x000002ac81348800'
Event: 1010.992 Thread 0x000002aceedfdae0 Unloading class 0x000002ac81342400 'java/lang/invoke/LambdaForm$MH+0x000002ac81342400'
Event: 1010.992 Thread 0x000002aceedfdae0 Unloading class 0x000002ac81342000 'java/lang/invoke/LambdaForm$MH+0x000002ac81342000'
Event: 1010.992 Thread 0x000002aceedfdae0 Unloading class 0x000002ac81338800 'java/lang/invoke/LambdaForm$MH+0x000002ac81338800'
Event: 1010.992 Thread 0x000002aceedfdae0 Unloading class 0x000002ac81338400 'java/lang/invoke/LambdaForm$MH+0x000002ac81338400'
Event: 1010.992 Thread 0x000002aceedfdae0 Unloading class 0x000002ac81333400 'java/lang/invoke/LambdaForm$MH+0x000002ac81333400'
Event: 1010.992 Thread 0x000002aceedfdae0 Unloading class 0x000002ac81333000 'java/lang/invoke/LambdaForm$MH+0x000002ac81333000'
Event: 1010.992 Thread 0x000002aceedfdae0 Unloading class 0x000002ac81328c00 'java/lang/invoke/LambdaForm$MH+0x000002ac81328c00'
Event: 1010.992 Thread 0x000002aceedfdae0 Unloading class 0x000002ac81328800 'java/lang/invoke/LambdaForm$MH+0x000002ac81328800'
Event: 1010.992 Thread 0x000002aceedfdae0 Unloading class 0x000002ac812fdc00 'java/lang/invoke/LambdaForm$MH+0x000002ac812fdc00'
Event: 1010.992 Thread 0x000002aceedfdae0 Unloading class 0x000002ac812fd800 'java/lang/invoke/LambdaForm$MH+0x000002ac812fd800'
Event: 1010.992 Thread 0x000002aceedfdae0 Unloading class 0x000002ac812f9400 'java/lang/invoke/LambdaForm$MH+0x000002ac812f9400'
Event: 1010.992 Thread 0x000002aceedfdae0 Unloading class 0x000002ac812f9000 'java/lang/invoke/LambdaForm$MH+0x000002ac812f9000'
Event: 1010.992 Thread 0x000002aceedfdae0 Unloading class 0x000002ac81299400 'java/lang/invoke/LambdaForm$MH+0x000002ac81299400'
Event: 1010.992 Thread 0x000002aceedfdae0 Unloading class 0x000002ac81299000 'java/lang/invoke/LambdaForm$MH+0x000002ac81299000'
Event: 1010.992 Thread 0x000002aceedfdae0 Unloading class 0x000002ac81229800 'java/lang/invoke/LambdaForm$MH+0x000002ac81229800'

Classes redefined (0 events):
No events

Internal exceptions (20 events):
Event: 1003.602 Thread 0x000002acf83338d0 Exception <a 'java/lang/NoSuchMethodError'{0x00000000ecb8e560}: 'int java.lang.invoke.DelegatingMethodHandle$Holder.reinvoke_L(java.lang.Object, java.lang.Object, java.lang.Object, long, java.lang.Object, java.lang.Object)'> (0x00000000ecb8e560) 
thrown [s\open\src\hotspot\share\interpreter\linkResolver.cpp, line 773]
Event: 1003.606 Thread 0x000002acf83338d0 Exception <a 'java/lang/NoSuchMethodError'{0x00000000ecb9dbc8}: 'int java.lang.invoke.DelegatingMethodHandle$Holder.reinvoke_L(java.lang.Object, java.lang.Object, java.lang.Object, long, int, int)'> (0x00000000ecb9dbc8) 
thrown [s\open\src\hotspot\share\interpreter\linkResolver.cpp, line 773]
Event: 1003.608 Thread 0x000002acf83338d0 Exception <a 'java/lang/NoSuchMethodError'{0x00000000ecbacfe0}: 'int java.lang.invoke.DelegatingMethodHandle$Holder.reinvoke_L(java.lang.Object, java.lang.Object, java.lang.Object, long, long, long)'> (0x00000000ecbacfe0) 
thrown [s\open\src\hotspot\share\interpreter\linkResolver.cpp, line 773]
Event: 1003.615 Thread 0x000002acf83338d0 Exception <a 'java/lang/NoSuchMethodError'{0x00000000ecbbc0d8}: 'int java.lang.invoke.DelegatingMethodHandle$Holder.reinvoke_L(java.lang.Object, java.lang.Object, java.lang.Object, long, int)'> (0x00000000ecbbc0d8) 
thrown [s\open\src\hotspot\share\interpreter\linkResolver.cpp, line 773]
Event: 1009.411 Thread 0x000002acf83338d0 Exception <a 'java/lang/NoSuchMethodError'{0x00000000ea56e730}: 'java.lang.Object java.lang.invoke.Invokers$Holder.invokeExact_MT(java.lang.Object, java.lang.Object, long, java.lang.Object)'> (0x00000000ea56e730) 
thrown [s\open\src\hotspot\share\interpreter\linkResolver.cpp, line 773]
Event: 1010.320 Thread 0x000002acf83338d0 Exception <a 'java/lang/NoSuchMethodError'{0x00000000ea3d2c48}: 'long java.lang.invoke.DirectMethodHandle$Holder.invokeStatic(java.lang.Object, java.lang.Object, int)'> (0x00000000ea3d2c48) 
thrown [s\open\src\hotspot\share\interpreter\linkResolver.cpp, line 773]
Event: 1010.321 Thread 0x000002acf83338d0 Exception <a 'java/lang/NoSuchMethodError'{0x00000000ea3df250}: 'java.lang.Object java.lang.invoke.DelegatingMethodHandle$Holder.reinvoke_L(java.lang.Object, int, long, java.lang.Object, java.lang.Object, int, java.lang.Object)'> (0x00000000ea3df250) 
thrown [s\open\src\hotspot\share\interpreter\linkResolver.cpp, line 773]
Event: 1010.324 Thread 0x000002acf83338d0 Implicit null exception at 0x000002ace4f41ced to 0x000002ace4f41ea8
Event: 1012.075 Thread 0x000002acf83338d0 Implicit null exception at 0x000002ace481864b to 0x000002ace481a400
Event: 1012.075 Thread 0x000002acf83338d0 Implicit null exception at 0x000002ace4625da7 to 0x000002ace4626480
Event: 1024.051 Thread 0x000002acf83338d0 Exception <a 'java/lang/NoSuchMethodError'{0x00000000e8203c88}: 'java.lang.Object java.lang.invoke.DelegatingMethodHandle$Holder.reinvoke_L(java.lang.Object, java.lang.Object, java.lang.Object, java.lang.Object, java.lang.Object, java.lang.Object, java.lang.Object, java.lang.Object, java.lang.Object, java.lang.Object, java.lang.Object, java.lang.Object, java.lang.Object, java.lang.Object)'> (0x00000000e8203c88) 
thrown [s\open\src\hotspot\share\interpreter\linkResolver.cpp, line 773]
Event: 1024.063 Thread 0x000002acf83338d0 Exception <a 'java/lang/NoSuchMethodError'{0x00000000e8266568}: 'java.lang.Object java.lang.invoke.DelegatingMethodHandle$Holder.reinvoke_L(java.lang.Object, java.lang.Object, java.lang.Object, java.lang.Object, java.lang.Object, java.lang.Object, java.lang.Object, java.lang.Object, java.lang.Object, java.lang.Object, java.lang.Object, java.lang.Object, java.lang.Object, java.lang.Object, java.lang.Object, java.lang.Object, java.lang.Object, java.lang.Object, java.lang.Object)'> (0x00000000e8266568) 
throw
Event: 1024.132 Thread 0x000002acf83338d0 Exception <a 'java/lang/NoSuchMethodError'{0x00000000e8150eb0}: 'java.lang.Object java.lang.invoke.DirectMethodHandle$Holder.newInvokeSpecial(java.lang.Object, java.lang.Object, java.lang.Object, java.lang.Object, java.lang.Object, java.lang.Object, java.lang.Object, java.lang.Object, java.lang.Object, java.lang.Object, java.lang.Object, java.lang.Object, java.lang.Object, java.lang.Object, java.lang.Object, java.lang.Object, java.lang.Object, java.lang.Object, java.lang.Object, java.lang.Object, java.lang
Event: 1024.134 Thread 0x000002acf83338d0 Exception <a 'java/lang/NoSuchMethodError'{0x00000000e81588f0}: 'java.lang.Object java.lang.invoke.DelegatingMethodHandle$Holder.reinvoke_L(java.lang.Object, java.lang.Object, java.lang.Object, java.lang.Object, java.lang.Object, java.lang.Object, java.lang.Object, java.lang.Object, java.lang.Object, java.lang.Object, java.lang.Object, java.lang.Object, java.lang.Object, java.lang.Object, java.lang.Object, java.lang.Object, java.lang.Object, java.lang.Object, java.lang.Object, java.lang.Object, java.lang.O
Event: 1024.219 Thread 0x000002acf83338d0 Exception <a 'java/lang/NoSuchMethodError'{0x00000000e7f50818}: 'java.lang.Object java.lang.invoke.DirectMethodHandle$Holder.newInvokeSpecial(java.lang.Object, java.lang.Object, java.lang.Object, java.lang.Object, java.lang.Object, java.lang.Object, java.lang.Object, java.lang.Object, java.lang.Object, java.lang.Object, java.lang.Object, java.lang.Object, java.lang.Object, java.lang.Object, java.lang.Object, java.lang.Object, java.lang.Object, java.lang.Object, java.lang.Object, java.lang.Object)'> (0x0000
Event: 1024.220 Thread 0x000002acf83338d0 Exception <a 'java/lang/NoSuchMethodError'{0x00000000e7f57c50}: 'java.lang.Object java.lang.invoke.DelegatingMethodHandle$Holder.reinvoke_L(java.lang.Object, java.lang.Object, java.lang.Object, java.lang.Object, java.lang.Object, java.lang.Object, java.lang.Object, java.lang.Object, java.lang.Object, java.lang.Object, java.lang.Object, java.lang.Object, java.lang.Object, java.lang.Object, java.lang.Object, java.lang.Object, java.lang.Object, java.lang.Object, java.lang.Object, java.lang.Object)'> (0x000000
Event: 1024.914 Thread 0x000002acf83338d0 Exception <a 'java/lang/NoSuchMethodError'{0x00000000e77d7e30}: 'java.lang.Object java.lang.invoke.DelegatingMethodHandle$Holder.reinvoke_L(java.lang.Object, java.lang.Object, java.lang.Object, java.lang.Object, java.lang.Object, java.lang.Object, java.lang.Object, java.lang.Object, java.lang.Object, java.lang.Object, java.lang.Object, java.lang.Object, java.lang.Object, java.lang.Object, java.lang.Object, java.lang.Object, java.lang.Object, java.lang.Object)'> (0x00000000e77d7e30) 
thrown [s\open\src\hots
Event: 1024.922 Thread 0x000002acf83338d0 Exception <a 'java/lang/NoSuchMethodError'{0x00000000e7671e70}: 'java.lang.Object java.lang.invoke.DirectMethodHandle$Holder.newInvokeSpecial(java.lang.Object, java.lang.Object, java.lang.Object, java.lang.Object, java.lang.Object, java.lang.Object, java.lang.Object, java.lang.Object, java.lang.Object, java.lang.Object, java.lang.Object, java.lang.Object, java.lang.Object, java.lang.Object, java.lang.Object, java.lang.Object, java.lang.Object, java.lang.Object, java.lang.Object, java.lang.Object, java.lang
Event: 1024.923 Thread 0x000002acf83338d0 Exception <a 'java/lang/NoSuchMethodError'{0x00000000e7679c40}: 'java.lang.Object java.lang.invoke.DelegatingMethodHandle$Holder.reinvoke_L(java.lang.Object, java.lang.Object, java.lang.Object, java.lang.Object, java.lang.Object, java.lang.Object, java.lang.Object, java.lang.Object, java.lang.Object, java.lang.Object, java.lang.Object, java.lang.Object, java.lang.Object, java.lang.Object, java.lang.Object, java.lang.Object, java.lang.Object, java.lang.Object, java.lang.Object, java.lang.Object, java.lang.O
Event: 1025.112 Thread 0x000002acf83338d0 Exception <a 'java/lang/NoSuchMethodError'{0x00000000e75e5658}: 'java.lang.Object java.lang.invoke.DelegatingMethodHandle$Holder.reinvoke_L(java.lang.Object, java.lang.Object, java.lang.Object, java.lang.Object, java.lang.Object, java.lang.Object, java.lang.Object, java.lang.Object, java.lang.Object, java.lang.Object, java.lang.Object, java.lang.Object, java.lang.Object)'> (0x00000000e75e5658) 
thrown [s\open\src\hotspot\share\interpreter\linkResolver.cpp, line 773]

ZGC Phase Switch (0 events):
No events

VM Operations (20 events):
Event: 1017.384 Executing VM operation: Cleanup done
Event: 1019.403 Executing VM operation: Cleanup
Event: 1019.403 Executing VM operation: Cleanup done
Event: 1020.412 Executing VM operation: Cleanup
Event: 1020.412 Executing VM operation: Cleanup done
Event: 1021.417 Executing VM operation: Cleanup
Event: 1021.417 Executing VM operation: Cleanup done
Event: 1022.373 Executing VM operation: HandshakeAllThreads (HandshakeForDeflation)
Event: 1022.374 Executing VM operation: HandshakeAllThreads (HandshakeForDeflation) done
Event: 1022.375 Executing VM operation: RendezvousGCThreads
Event: 1022.375 Executing VM operation: RendezvousGCThreads done
Event: 1023.382 Executing VM operation: Cleanup
Event: 1023.621 Executing VM operation: Cleanup done
Event: 1024.637 Executing VM operation: Cleanup
Event: 1024.637 Executing VM operation: Cleanup done
Event: 1025.645 Executing VM operation: Cleanup
Event: 1025.675 Executing VM operation: Cleanup done
Event: 1026.267 Executing VM operation: HandshakeAllThreads (Deoptimize)
Event: 1026.267 Executing VM operation: HandshakeAllThreads (Deoptimize) done
Event: 1026.588 Executing VM operation: G1CollectForAllocation (G1 Evacuation Pause)

Events (20 events):
Event: 1011.202 Thread 0x000002aceedfdae0 flushing nmethod 0x000002ace4670290
Event: 1011.202 Thread 0x000002aceedfdae0 flushing nmethod 0x000002ace4673090
Event: 1011.202 Thread 0x000002aceedfdae0 flushing nmethod 0x000002ace45d0590
Event: 1011.202 Thread 0x000002aceedfdae0 flushing nmethod 0x000002ace45d0090
Event: 1011.202 Thread 0x000002aceedfdae0 flushing nmethod 0x000002ace465b190
Event: 1011.202 Thread 0x000002aceedfdae0 flushing nmethod 0x000002ace461c110
Event: 1011.202 Thread 0x000002aceedfdae0 flushing nmethod 0x000002ace4624510
Event: 1011.202 Thread 0x000002aceedfdae0 flushing nmethod 0x000002ace4619610
Event: 1011.202 Thread 0x000002aceedfdae0 flushing nmethod 0x000002ace4635710
Event: 1011.202 Thread 0x000002aceedfdae0 flushing nmethod 0x000002ace4633710
Event: 1011.202 Thread 0x000002aceedfdae0 flushing nmethod 0x000002ace462ab10
Event: 1011.202 Thread 0x000002aceedfdae0 flushing nmethod 0x000002ace4625f10
Event: 1011.202 Thread 0x000002aceedfdae0 flushing nmethod 0x000002ace4625b10
Event: 1011.202 Thread 0x000002aceedfdae0 flushing nmethod 0x000002ace4609610
Event: 1011.202 Thread 0x000002aceedfdae0 flushing nmethod 0x000002ace45fc310
Event: 1011.202 Thread 0x000002aceedfdae0 flushing nmethod 0x000002ace45f6610
Event: 1011.202 Thread 0x000002aceedfdae0 flushing nmethod 0x000002ace45f6310
Event: 1011.202 Thread 0x000002aceedfdae0 flushing nmethod 0x000002ace45f6010
Event: 1011.202 Thread 0x000002aceedfdae0 flushing nmethod 0x000002ace45cb990
Event: 1013.885 Thread 0x000002acf8334c80 Thread exited: 0x000002acf8334c80


Dynamic libraries:
0x00007ff6c8560000 - 0x00007ff6c8570000 	C:\Program Files\Java\jdk-21\bin\java.exe
0x00007ffffee10000 - 0x00007fffff008000 	C:\WINDOWS\SYSTEM32\ntdll.dll
0x00007ffffdc10000 - 0x00007ffffdccf000 	C:\WINDOWS\System32\KERNEL32.DLL
0x00007ffffc840000 - 0x00007ffffcb36000 	C:\WINDOWS\System32\KERNELBASE.dll
0x00007ffffc580000 - 0x00007ffffc680000 	C:\WINDOWS\System32\ucrtbase.dll
0x00007fffcf330000 - 0x00007fffcf34b000 	C:\Program Files\Java\jdk-21\bin\VCRUNTIME140.dll
0x00007fffcc870000 - 0x00007fffcc889000 	C:\Program Files\Java\jdk-21\bin\jli.dll
0x00007ffffe3a0000 - 0x00007ffffe44f000 	C:\WINDOWS\System32\ADVAPI32.dll
0x00007ffffd180000 - 0x00007ffffd21e000 	C:\WINDOWS\System32\msvcrt.dll
0x00007ffffe500000 - 0x00007ffffe59c000 	C:\WINDOWS\System32\sechost.dll
0x00007ffffd020000 - 0x00007ffffd146000 	C:\WINDOWS\System32\RPCRT4.dll
0x00007ffffd300000 - 0x00007ffffd49d000 	C:\WINDOWS\System32\USER32.dll
0x00007fffd1120000 - 0x00007fffd13ba000 	C:\WINDOWS\WinSxS\amd64_microsoft.windows.common-controls_6595b64144ccf1df_6.0.19041.1110_none_60b5254171f9507e\COMCTL32.dll
0x00007ffffc6f0000 - 0x00007ffffc712000 	C:\WINDOWS\System32\win32u.dll
0x00007ffffd150000 - 0x00007ffffd17c000 	C:\WINDOWS\System32\GDI32.dll
0x00007ffffc720000 - 0x00007ffffc835000 	C:\WINDOWS\System32\gdi32full.dll
0x00007ffffcdd0000 - 0x00007ffffce6d000 	C:\WINDOWS\System32\msvcp_win.dll
0x00007ffff3fa0000 - 0x00007ffff3faa000 	C:\WINDOWS\SYSTEM32\VERSION.dll
0x00007ffffded0000 - 0x00007ffffdf00000 	C:\WINDOWS\System32\IMM32.DLL
0x00007fffeffe0000 - 0x00007fffeffec000 	C:\Program Files\Java\jdk-21\bin\vcruntime140_1.dll
0x00007fffaed20000 - 0x00007fffaedae000 	C:\Program Files\Java\jdk-21\bin\msvcp140.dll
0x00007fff85b40000 - 0x00007fff86855000 	C:\Program Files\Java\jdk-21\bin\server\jvm.dll
0x00007ffffe5a0000 - 0x00007ffffe60b000 	C:\WINDOWS\System32\WS2_32.dll
0x00007ffffba50000 - 0x00007ffffba9b000 	C:\WINDOWS\SYSTEM32\POWRPROF.dll
0x00007ffff0590000 - 0x00007ffff05b7000 	C:\WINDOWS\SYSTEM32\WINMM.dll
0x00007ffffb910000 - 0x00007ffffb922000 	C:\WINDOWS\SYSTEM32\UMPDC.dll
0x00007ffffa3b0000 - 0x00007ffffa3c2000 	C:\WINDOWS\SYSTEM32\kernel.appcore.dll
0x00007fffee820000 - 0x00007fffee82a000 	C:\Program Files\Java\jdk-21\bin\jimage.dll
0x00007ffff0c60000 - 0x00007ffff0e44000 	C:\WINDOWS\SYSTEM32\DBGHELP.DLL
0x00007ffff07e0000 - 0x00007ffff0814000 	C:\WINDOWS\SYSTEM32\dbgcore.DLL
0x00007ffffc4f0000 - 0x00007ffffc572000 	C:\WINDOWS\System32\bcryptPrimitives.dll
0x00007fffebb00000 - 0x00007fffebb0f000 	C:\Program Files\Java\jdk-21\bin\instrument.dll
0x00007fffcc540000 - 0x00007fffcc55f000 	C:\Program Files\Java\jdk-21\bin\java.dll
0x00007ffffd4a0000 - 0x00007ffffdbe4000 	C:\WINDOWS\System32\SHELL32.dll
0x00007ffffa5b0000 - 0x00007ffffad43000 	C:\WINDOWS\SYSTEM32\windows.storage.dll
0x00007ffffdfb0000 - 0x00007ffffe304000 	C:\WINDOWS\System32\combase.dll
0x00007ffffbf30000 - 0x00007ffffbf5e000 	C:\WINDOWS\SYSTEM32\Wldp.dll
0x00007ffffe450000 - 0x00007ffffe4fd000 	C:\WINDOWS\System32\SHCORE.dll
0x00007ffffd240000 - 0x00007ffffd295000 	C:\WINDOWS\System32\shlwapi.dll
0x00007ffffc420000 - 0x00007ffffc445000 	C:\WINDOWS\SYSTEM32\profapi.dll
0x00007fffaec40000 - 0x00007fffaed17000 	C:\Program Files\Java\jdk-21\bin\jsvml.dll
0x00007fffc9fe0000 - 0x00007fffc9ff8000 	C:\Program Files\Java\jdk-21\bin\zip.dll
0x00007fffd21f0000 - 0x00007fffd2200000 	C:\Program Files\Java\jdk-21\bin\net.dll
0x00007ffff5340000 - 0x00007ffff544a000 	C:\WINDOWS\SYSTEM32\WINHTTP.dll
0x00007ffffbc90000 - 0x00007ffffbcfa000 	C:\WINDOWS\system32\mswsock.dll
0x00007fffc2d20000 - 0x00007fffc2d36000 	C:\Program Files\Java\jdk-21\bin\nio.dll
0x00007fffd0fe0000 - 0x00007fffd0ff0000 	C:\Program Files\Java\jdk-21\bin\verify.dll
0x00007fffb5500000 - 0x00007fffb5527000 	C:\Users\ziemo\.gradle\native\c067742578af261105cb4f569cf0c3c89f3d7b1fecec35dd04571415982c5e48\windows-amd64\native-platform.dll
0x00007fffaa8d0000 - 0x00007fffaaa14000 	C:\Users\ziemo\.gradle\native\38dada09dfb8b06ba9b0570ebf7e218e3eb74d4ef43ca46872605cf95ebc2f47\windows-amd64\native-platform-file-events.dll
0x00007ffff0010000 - 0x00007ffff001a000 	C:\Program Files\Java\jdk-21\bin\management.dll
0x00007fffd0f40000 - 0x00007fffd0f4b000 	C:\Program Files\Java\jdk-21\bin\management_ext.dll
0x00007ffffdbf0000 - 0x00007ffffdbf8000 	C:\WINDOWS\System32\PSAPI.DLL
0x00007ffffbe80000 - 0x00007ffffbe98000 	C:\WINDOWS\SYSTEM32\CRYPTSP.dll
0x00007ffffb530000 - 0x00007ffffb564000 	C:\WINDOWS\system32\rsaenh.dll
0x00007ffffcb40000 - 0x00007ffffcb67000 	C:\WINDOWS\System32\bcrypt.dll
0x00007ffffc3a0000 - 0x00007ffffc3ce000 	C:\WINDOWS\SYSTEM32\USERENV.dll
0x00007ffffbea0000 - 0x00007ffffbeac000 	C:\WINDOWS\SYSTEM32\CRYPTBASE.dll
0x00007ffffb930000 - 0x00007ffffb96b000 	C:\WINDOWS\SYSTEM32\IPHLPAPI.DLL
0x00007ffffde60000 - 0x00007ffffde68000 	C:\WINDOWS\System32\NSI.dll
0x00007fffd0800000 - 0x00007fffd0807000 	C:\Program Files\Java\jdk-21\bin\extnet.dll
0x00007fffd02e0000 - 0x00007fffd02ee000 	C:\Program Files\Java\jdk-21\bin\sunmscapi.dll
0x00007ffffcc70000 - 0x00007ffffcdce000 	C:\WINDOWS\System32\CRYPT32.dll
0x00007ffffbfa0000 - 0x00007ffffbfc8000 	C:\WINDOWS\SYSTEM32\ncrypt.dll
0x00007ffffbf60000 - 0x00007ffffbf9b000 	C:\WINDOWS\SYSTEM32\NTASN1.dll
0x00007ffff0120000 - 0x00007ffff0127000 	C:\WINDOWS\system32\wshunix.dll
0x00007ffffb970000 - 0x00007ffffba3a000 	C:\WINDOWS\SYSTEM32\DNSAPI.dll
0x00007ffff5990000 - 0x00007ffff599a000 	C:\Windows\System32\rasadhlp.dll
0x00007ffff3b60000 - 0x00007ffff3be2000 	C:\WINDOWS\System32\fwpuclnt.dll

dbghelp: loaded successfully - version: 4.0.5 - missing functions: none
symbol engine: initialized successfully - sym options: 0x614 - pdb path: .;C:\Program Files\Java\jdk-21\bin;C:\WINDOWS\SYSTEM32;C:\WINDOWS\WinSxS\amd64_microsoft.windows.common-controls_6595b64144ccf1df_6.0.19041.1110_none_60b5254171f9507e;C:\Program Files\Java\jdk-21\bin\server;C:\Users\ziemo\.gradle\native\c067742578af261105cb4f569cf0c3c89f3d7b1fecec35dd04571415982c5e48\windows-amd64;C:\Users\ziemo\.gradle\native\38dada09dfb8b06ba9b0570ebf7e218e3eb74d4ef43ca46872605cf95ebc2f47\windows-amd64

VM Arguments:
jvm_args: --add-opens=java.base/java.util=ALL-UNNAMED --add-opens=java.base/java.lang=ALL-UNNAMED --add-opens=java.base/java.lang.invoke=ALL-UNNAMED --add-opens=java.prefs/java.util.prefs=ALL-UNNAMED --add-opens=java.base/java.nio.charset=ALL-UNNAMED --add-opens=java.base/java.net=ALL-UNNAMED --add-opens=java.base/java.util.concurrent.atomic=ALL-UNNAMED -XX:MaxMetaspaceSize=384m -XX:+HeapDumpOnOutOfMemoryError -Xms256m -Xmx512m -Dfile.encoding=windows-1250 -Duser.country=PL -Duser.language=pl -Duser.variant -javaagent:C:\Users\ziemo\.gradle\wrapper\dists\gradle-8.5-bin\5t9huq95ubn472n8rpzujfbqh\gradle-8.5\lib\agents\gradle-instrumentation-agent-8.5.jar 
java_command: org.gradle.launcher.daemon.bootstrap.GradleDaemon 8.5
java_class_path (initial): C:\Users\ziemo\.gradle\wrapper\dists\gradle-8.5-bin\5t9huq95ubn472n8rpzujfbqh\gradle-8.5\lib\gradle-launcher-8.5.jar
Launcher Type: SUN_STANDARD

[Global flags]
     intx CICompilerCount                          = 3                                         {product} {ergonomic}
   size_t CompressedClassSpaceSize                 = 335544320                                 {product} {ergonomic}
     uint ConcGCThreads                            = 2                                         {product} {ergonomic}
     uint G1ConcRefinementThreads                  = 6                                         {product} {ergonomic}
   size_t G1HeapRegionSize                         = 1048576                                   {product} {ergonomic}
    uintx GCDrainStackTargetSize                   = 64                                        {product} {ergonomic}
     bool HeapDumpOnOutOfMemoryError               = true                                   {manageable} {command line}
   size_t InitialHeapSize                          = 268435456                                 {product} {command line}
   size_t MarkStackSize                            = 4194304                                   {product} {ergonomic}
   size_t MaxHeapSize                              = 536870912                                 {product} {command line}
   size_t MaxMetaspaceSize                         = 402653184                                 {product} {command line}
   size_t MaxNewSize                               = 321912832                                 {product} {ergonomic}
   size_t MinHeapDeltaBytes                        = 1048576                                   {product} {ergonomic}
   size_t MinHeapSize                              = 268435456                                 {product} {command line}
    uintx NonNMethodCodeHeapSize                   = 5832780                                {pd product} {ergonomic}
    uintx NonProfiledCodeHeapSize                  = 122912730                              {pd product} {ergonomic}
    uintx ProfiledCodeHeapSize                     = 122912730                              {pd product} {ergonomic}
    uintx ReservedCodeCacheSize                    = 251658240                              {pd product} {ergonomic}
     bool SegmentedCodeCache                       = true                                      {product} {ergonomic}
   size_t SoftMaxHeapSize                          = 536870912                              {manageable} {ergonomic}
     bool UseCompressedOops                        = true                           {product lp64_product} {ergonomic}
     bool UseG1GC                                  = true                                      {product} {ergonomic}
     bool UseLargePagesIndividualAllocation        = false                                  {pd product} {ergonomic}

Logging:
Log output configuration:
 #0: stdout all=warning uptime,level,tags foldmultilines=false
 #1: stderr all=off uptime,level,tags foldmultilines=false

Environment Variables:
PATH=C:\Program Files\Common Files\Oracle\Java\javapath;C:\WINDOWS\system32;C:\WINDOWS;C:\WINDOWS\System32\Wbem;C:\WINDOWS\System32\WindowsPowerShell\v1.0\;C:\WINDOWS\System32\OpenSSH\;C:\Program Files\nodejs\;C:\Program Files\Git\cmd;C:\ProgramData\chocolatey\bin;C:\Program Files\PuTTY\;C:\metasploit-framework\bin\;C:\Users\ziemo\AppData\Local\Programs\Python\Python312\Scripts\;C:\Users\ziemo\AppData\Local\Programs\Python\Python312\;C:\Users\ziemo\AppData\Local\Microsoft\WindowsApps;C:\Users\ziemo\AppData\Local\GitHubDesktop\bin;C:\Users\ziemo\AppData\Roaming\npm;C:\Users\ziemo\.aftman\bin;C:\Users\ziemo\AppData\Local\spicetify;C:\Users\ziemo\.bun\bin;C:\Program Files (x86)\Nmap;C:\Users\ziemo\AppData\Local\Programs\Microsoft VS Code\bin
USERNAME=ziemo
OS=Windows_NT
PROCESSOR_IDENTIFIER=Intel64 Family 6 Model 158 Stepping 13, GenuineIntel
TMP=C:\Users\ziemo\AppData\Local\Temp
TEMP=C:\Users\ziemo\AppData\Local\Temp




Periodic native trim disabled

---------------  S Y S T E M  ---------------

OS:
 Windows 10 , 64 bit Build 19041 (10.0.19041.3155)
OS uptime: 0 days 15:38 hours

CPU: total 6 (initial active 6) (6 cores per cpu, 1 threads per core) family 6 model 158 stepping 13 microcode 0xde, cx8, cmov, fxsr, mmx, 3dnowpref, sse, sse2, sse3, ssse3, sse4.1, sse4.2, popcnt, lzcnt, tsc, tscinvbit, avx, avx2, aes, erms, clmul, bmi1, bmi2, adx, fma, vzeroupper, clflush, clflushopt, rdtscp, f16c
Processor Information for all 6 processors :
  Max Mhz: 3696, Current Mhz: 3696, Mhz Limit: 3696

Memory: 4k page, system-wide physical 8130M (295M free)
TotalPageFile size 32706M (AvailPageFile size 17M)
current process WorkingSet (physical memory assigned to process): 426M, peak: 470M
current process commit charge ("private bytes"): 586M, peak: 587M

vm_info: Java HotSpot(TM) 64-Bit Server VM (21.0.1+12-LTS-29) for windows-amd64 JRE (21.0.1+12-LTS-29), built on 2023-10-05T13:27:09Z by "mach5one" with MS VC++ 17.1 (VS2022)

END.
